#
# A fatal error has been detected by the Java Runtime Environment:
#
#  SIGSEGV (0xb) at pc=0x0000000105446914, pid=28269, tid=16387
#
# JRE version: Java(TM) SE Runtime Environment (8.0_60-b27) (build 1.8.0_60-b27)
# Java VM: Java HotSpot(TM) 64-Bit Server VM (25.60-b23 mixed mode bsd-amd64 compressed oops)
# Problematic frame:
# V  [libjvm.dylib+0x446914]
#
# Failed to write core dump. Core dumps have been disabled. To enable core dumping, try "ulimit -c unlimited" before starting Java again
#
# If you would like to submit a bug report, please visit:
#   http://bugreport.java.com/bugreport/crash.jsp
#

---------------  T H R E A D  ---------------

Current thread (0x00007fe69a017800):  JavaThread "JDWP Transport Listener: dt_socket" daemon [_thread_in_vm, id=16387, stack(0x0000700000a38000,0x0000700000b38000)]

siginfo: si_signo: 11 (SIGSEGV), si_code: 0 (unknown), si_addr: 0x0000000000000000

Registers:
RAX=0x0000000000000001, RBX=0x0000700000b37a8b, RCX=0x0000000105815310, RDX=0x0000700000b37a8b
RSP=0x0000700000b379d0, RBP=0x0000700000b379e0, RSI=0x00007fe69a017800, RDI=0x000507fe69c94d2c
R8 =0x0000000000000000, R9 =0x00007fe69c94d2c0, R10=0x000000009b4c91a1, R11=0x00007fe69c900000
R12=0x00007fe69a017800, R13=0x000507fe69c94d2c, R14=0x000507fe69c94d2c, R15=0x00007fe699502bb0
RIP=0x0000000105446914, EFLAGS=0x0000000000010202, ERR=0x0000000000000000
  TRAPNO=0x000000000000000d

Top of Stack: (sp=0x0000700000b379d0)
0x0000700000b379d0:   0000700000b37a8b 0000700000b37a8b
0x0000700000b379e0:   0000700000b37a40 0000000105355a0e
0x0000700000b379f0:   00007fe69a017800 0000000000000000
0x0000700000b37a00:   0000000000000000 0000000000000000
0x0000700000b37a10:   00007fe69a017800 00007fe69a017800
0x0000700000b37a20:   0000700000b37a8b 0000700000b37a90
0x0000700000b37a30:   000507fe69c94d2c 0000000000000009
0x0000700000b37a40:   0000700000b37a60 0000000105fec780
0x0000700000b37a50:   0000000000000001 0000700000b37b08
0x0000700000b37a60:   0000700000b37ad0 0000000105fd11f3
0x0000700000b37a70:   0000700000b37aa0 00007fe69c94d390
0x0000700000b37a80:   0000000a00000032 f000100a01b37b08
0x0000700000b37a90:   0000000000000000 0000000000000000
0x0000700000b37aa0:   0000000000000000 0000700000b37c90
0x0000700000b37ab0:   0000000105ff3e7a 00007fe69c86c4e0
0x0000700000b37ac0:   0000700000b37b08 0000000105fff598
0x0000700000b37ad0:   0000700000b37ae0 0000000105fd12ec
0x0000700000b37ae0:   0000700000b37d00 0000000105fda898
0x0000700000b37af0:   00004a4100000013 00000000000f0200
0x0000700000b37b00:   00007fe699456c50 00007fe69bdf6c00
0x0000700000b37b10:   00007fe6000002b0 00007fe69c947c70
0x0000700000b37b20:   000000000000012c 0000700000b37b58
0x0000700000b37b30:   00007fe69c94a9a0 0000000000000000
0x0000700000b37b40:   00004a41000001fa 00007fff00009c80
0x0000700000b37b50:   0000000000000000 e67f00000a000000
0x0000700000b37b60:   06000000c0935e99 00003e74696e693c
0x0000700000b37b70:   0000005629280300 7f00000100000000
0x0000700000b37b80:   00000010945e99e6 6f66736e61727409
0x0000700000b37b90:   4c28690000006d72 6d2f656d622f7568
0x0000700000b37ba0:   61722f766b2f7469 6f6d64616f726c69
0x0000700000b37bb0:   6c6974752f6c6564 616f726c6961522f
0x0000700000b37bc0:   72506c65646f4d64 293b72656469766f 

Instructions: (pc=0x0000000105446914)
0x00000001054468f4:   40 48 48 85 c0 75 e0 30 c0 0f b6 c0 5d c3 31 c0
0x0000000105446904:   5d c3 55 48 89 e5 53 48 83 ec 08 48 85 ff 74 24
0x0000000105446914:   48 8b 1f 48 85 db 74 1c 48 83 fb 37 74 16 48 8b
0x0000000105446924:   03 48 89 df ff 50 10 84 c0 b8 00 00 00 00 48 0f 

Register to memory mapping:

RAX=0x0000000000000001 is an unknown value
RBX=0x0000700000b37a8b is pointing into the stack for thread: 0x00007fe69a017800
RCX=0x0000000105815310: UseMembar+0 in /Library/Java/JavaVirtualMachines/jdk1.8.0_60.jdk/Contents/Home/jre/lib/server/libjvm.dylib at 0x0000000105000000
RDX=0x0000700000b37a8b is pointing into the stack for thread: 0x00007fe69a017800
RSP=0x0000700000b379d0 is pointing into the stack for thread: 0x00007fe69a017800
RBP=0x0000700000b379e0 is pointing into the stack for thread: 0x00007fe69a017800
RSI=0x00007fe69a017800 is a thread
RDI=0x000507fe69c94d2c is an unknown value
R8 =0x0000000000000000 is an unknown value
R9 =0x00007fe69c94d2c0 is an unknown value
R10=0x000000009b4c91a1 is an unknown value
R11=0x00007fe69c900000 is an unknown value
R12=0x00007fe69a017800 is a thread
R13=0x000507fe69c94d2c is an unknown value
R14=0x000507fe69c94d2c is an unknown value
R15=0x00007fe699502bb0 is an unknown value


Stack: [0x0000700000a38000,0x0000700000b38000],  sp=0x0000700000b379d0,  free space=1022k
Native frames: (J=compiled Java code, j=interpreted, Vv=VM code, C=native code)
V  [libjvm.dylib+0x446914]
V  [libjvm.dylib+0x355a0e]
C  [libjdwp.dylib+0x20780]  isMethodSynthetic+0x63
C  [libjdwp.dylib+0x51f3]  methods1+0x10b
C  [libjdwp.dylib+0x52ec]  methodsWithGeneric+0xe
C  [libjdwp.dylib+0xe898]  debugLoop_run+0x1ce
C  [libjdwp.dylib+0x1f6ba]  attachThread+0x4d
V  [libjvm.dylib+0x396d6c]
V  [libjvm.dylib+0x5612d3]
V  [libjvm.dylib+0x5629ce]
V  [libjvm.dylib+0x48343a]
C  [libsystem_pthread.dylib+0x39b1]  _pthread_body+0x83
C  [libsystem_pthread.dylib+0x392e]  _pthread_body+0x0
C  [libsystem_pthread.dylib+0x1385]  thread_start+0xd
C  0x0000000000000000


---------------  P R O C E S S  ---------------

Java Threads: ( => current thread )
  0x00007fe69c24d000 JavaThread "Worker-1" [_thread_blocked, id=12811, stack(0x000070000082f000,0x000070000092f000)]
  0x00007fe699a6c800 JavaThread "Worker-0" [_thread_blocked, id=39171, stack(0x00007000019e8000,0x0000700001ae8000)]
  0x00007fe69a36a800 JavaThread "EMF Reference Cleaner" daemon [_thread_blocked, id=38659, stack(0x00007000018e5000,0x00007000019e5000)]
  0x00007fe69b5e0800 JavaThread "ReaderThread" [_thread_in_native, id=38151, stack(0x00007000017e2000,0x00007000018e2000)]
  0x00007fe69a3b7000 JavaThread "Worker-JM" [_thread_blocked, id=36679, stack(0x00007000016df000,0x00007000017df000)]
  0x00007fe69abf0800 JavaThread "Refresh Thread: Equinox Container: e0ade748-df98-0015-1e40-e1e92b81845f" daemon [_thread_blocked, id=23043, stack(0x0000700001559000,0x0000700001659000)]
  0x00007fe69a027000 JavaThread "Start Level: Equinox Container: e0ade748-df98-0015-1e40-e1e92b81845f" daemon [_thread_blocked, id=22531, stack(0x0000700001456000,0x0000700001556000)]
  0x00007fe69a026800 JavaThread "Framework Event Dispatcher: Equinox Container: e0ade748-df98-0015-1e40-e1e92b81845f" daemon [_thread_blocked, id=22019, stack(0x0000700001353000,0x0000700001453000)]
  0x00007fe69994d800 JavaThread "Active Thread: Equinox Container: e0ade748-df98-0015-1e40-e1e92b81845f" [_thread_blocked, id=21767, stack(0x0000700001250000,0x0000700001350000)]
  0x00007fe699827800 JavaThread "Service Thread" daemon [_thread_blocked, id=19459, stack(0x000070000104a000,0x000070000114a000)]
  0x00007fe69a018800 JavaThread "C1 CompilerThread2" daemon [_thread_blocked, id=18947, stack(0x0000700000f47000,0x0000700001047000)]
  0x00007fe69a00f000 JavaThread "C2 CompilerThread1" daemon [_thread_blocked, id=18435, stack(0x0000700000e44000,0x0000700000f44000)]
  0x00007fe69a83b000 JavaThread "C2 CompilerThread0" daemon [_thread_blocked, id=17923, stack(0x0000700000d41000,0x0000700000e41000)]
  0x00007fe69a00c000 JavaThread "JDWP Command Reader" daemon [_thread_in_native, id=17411, stack(0x0000700000c3e000,0x0000700000d3e000)]
  0x00007fe699824800 JavaThread "JDWP Event Helper Thread" daemon [_thread_blocked, id=16899, stack(0x0000700000b3b000,0x0000700000c3b000)]
=>0x00007fe69a017800 JavaThread "JDWP Transport Listener: dt_socket" daemon [_thread_in_vm, id=16387, stack(0x0000700000a38000,0x0000700000b38000)]
  0x00007fe699809800 JavaThread "Signal Dispatcher" daemon [_thread_blocked, id=13839, stack(0x0000700000935000,0x0000700000a35000)]
  0x00007fe69b029800 JavaThread "Finalizer" daemon [_thread_blocked, id=12291, stack(0x000070000072c000,0x000070000082c000)]
  0x00007fe69b029000 JavaThread "Reference Handler" daemon [_thread_blocked, id=11779, stack(0x0000700000629000,0x0000700000729000)]
  0x00007fe69980c000 JavaThread "main" [_thread_blocked, id=2571, stack(0x00007fff5ae86000,0x00007fff5b686000)]

Other Threads:
  0x00007fe69a825800 VMThread [stack: 0x0000700000526000,0x0000700000626000] [id=11267]
  0x00007fe69a019000 WatcherThread [stack: 0x000070000114d000,0x000070000124d000] [id=19971]

VM state:not at safepoint (normal execution)

VM Mutex/Monitor currently owned by a thread: None

Heap:
 PSYoungGen      total 76288K, used 14186K [0x00000007aab00000, 0x00000007b0000000, 0x00000007c0000000)
  eden space 65536K, 21% used [0x00000007aab00000,0x00000007ab8dabb8,0x00000007aeb00000)
  from space 10752K, 0% used [0x00000007af580000,0x00000007af580000,0x00000007b0000000)
  to   space 10752K, 0% used [0x00000007aeb00000,0x00000007aeb00000,0x00000007af580000)
 ParOldGen       total 175104K, used 9402K [0x0000000780000000, 0x000000078ab00000, 0x00000007aab00000)
  object space 175104K, 5% used [0x0000000780000000,0x000000078092ea70,0x000000078ab00000)
 Metaspace       used 21936K, capacity 23436K, committed 23728K, reserved 1069056K
  class space    used 2686K, capacity 3192K, committed 3248K, reserved 1048576K

Card table byte_map: [0x00000001153e8000,0x00000001155e9000] byte_map_base: 0x00000001117e8000

Marking Bits: (ParMarkBitMap*) 0x00000001058dee20
 Begin Bits: [0x000000011573f000, 0x000000011673f000)
 End Bits:   [0x000000011673f000, 0x000000011773f000)

Polling page: 0x00000001047fb000

CodeCache: size=245760Kb used=7720Kb max_used=7736Kb free=238039Kb
 bounds [0x0000000106028000, 0x00000001067c8000, 0x0000000115028000]
 total_blobs=2542 nmethods=2129 adapters=335
 compilation: enabled

Compilation events (10 events):
Event: 30.842 Thread 0x00007fe69a018800 2132       3       java.nio.charset.CharsetEncoder::implOnUnmappableCharacter (1 bytes)
Event: 30.842 Thread 0x00007fe69a00f000 nmethod 2117 0x00000001067b4f50 code [0x00000001067b5180, 0x00000001067b5f50]
Event: 30.842 Thread 0x00007fe69a00f000 2127       4       java.io.DataOutputStream::writeInt (65 bytes)
Event: 30.842 Thread 0x00007fe69a018800 nmethod 2132 0x00000001067b07d0 code [0x00000001067b0920, 0x00000001067b0a70]
Event: 30.843 Thread 0x00007fe69a83b000 nmethod 2118 0x00000001067afd90 code [0x00000001067aff20, 0x00000001067b0428]
Event: 30.843 Thread 0x00007fe69a83b000 2123  s    4       java.io.DataOutputStream::write (16 bytes)
Event: 30.845 Thread 0x00007fe69a83b000 nmethod 2123 0x00000001067ad4d0 code [0x00000001067ad620, 0x00000001067ad958]
Event: 30.845 Thread 0x00007fe69a83b000 2124  s    4       java.io.BufferedOutputStream::write (67 bytes)
Event: 30.848 Thread 0x00007fe69a83b000 nmethod 2124 0x00000001067b6f10 code [0x00000001067b7080, 0x00000001067b75e8]
Event: 30.852 Thread 0x00007fe69a00f000 nmethod 2127 0x00000001067b31d0 code [0x00000001067b33e0, 0x00000001067b4690]

GC Heap History (6 events):
Event: 2.065 GC heap before
{Heap before GC invocations=1 (full 0):
 PSYoungGen      total 76288K, used 65536K [0x00000007aab00000, 0x00000007b0000000, 0x00000007c0000000)
  eden space 65536K, 100% used [0x00000007aab00000,0x00000007aeb00000,0x00000007aeb00000)
  from space 10752K, 0% used [0x00000007af580000,0x00000007af580000,0x00000007b0000000)
  to   space 10752K, 0% used [0x00000007aeb00000,0x00000007aeb00000,0x00000007af580000)
 ParOldGen       total 175104K, used 0K [0x0000000780000000, 0x000000078ab00000, 0x00000007aab00000)
  object space 175104K, 0% used [0x0000000780000000,0x0000000780000000,0x000000078ab00000)
 Metaspace       used 12616K, capacity 13386K, committed 13696K, reserved 1060864K
  class space    used 1372K, capacity 1537K, committed 1664K, reserved 1048576K
Event: 2.084 GC heap after
Heap after GC invocations=1 (full 0):
 PSYoungGen      total 76288K, used 9981K [0x00000007aab00000, 0x00000007b0000000, 0x00000007c0000000)
  eden space 65536K, 0% used [0x00000007aab00000,0x00000007aab00000,0x00000007aeb00000)
  from space 10752K, 92% used [0x00000007aeb00000,0x00000007af4bf4d0,0x00000007af580000)
  to   space 10752K, 0% used [0x00000007af580000,0x00000007af580000,0x00000007b0000000)
 ParOldGen       total 175104K, used 80K [0x0000000780000000, 0x000000078ab00000, 0x00000007aab00000)
  object space 175104K, 0% used [0x0000000780000000,0x0000000780014010,0x000000078ab00000)
 Metaspace       used 12616K, capacity 13386K, committed 13696K, reserved 1060864K
  class space    used 1372K, capacity 1537K, committed 1664K, reserved 1048576K
}
Event: 5.142 GC heap before
{Heap before GC invocations=2 (full 0):
 PSYoungGen      total 76288K, used 26521K [0x00000007aab00000, 0x00000007b0000000, 0x00000007c0000000)
  eden space 65536K, 25% used [0x00000007aab00000,0x00000007abb26f30,0x00000007aeb00000)
  from space 10752K, 92% used [0x00000007aeb00000,0x00000007af4bf4d0,0x00000007af580000)
  to   space 10752K, 0% used [0x00000007af580000,0x00000007af580000,0x00000007b0000000)
 ParOldGen       total 175104K, used 80K [0x0000000780000000, 0x000000078ab00000, 0x00000007aab00000)
  object space 175104K, 0% used [0x0000000780000000,0x0000000780014010,0x000000078ab00000)
 Metaspace       used 19742K, capacity 21250K, committed 21296K, reserved 1067008K
  class space    used 2337K, capacity 2819K, committed 2864K, reserved 1048576K
Event: 5.163 GC heap after
Heap after GC invocations=2 (full 0):
 PSYoungGen      total 76288K, used 9676K [0x00000007aab00000, 0x00000007b0000000, 0x00000007c0000000)
  eden space 65536K, 0% used [0x00000007aab00000,0x00000007aab00000,0x00000007aeb00000)
  from space 10752K, 89% used [0x00000007af580000,0x00000007afef3088,0x00000007b0000000)
  to   space 10752K, 0% used [0x00000007aeb00000,0x00000007aeb00000,0x00000007af580000)
 ParOldGen       total 175104K, used 96K [0x0000000780000000, 0x000000078ab00000, 0x00000007aab00000)
  object space 175104K, 0% used [0x0000000780000000,0x0000000780018010,0x000000078ab00000)
 Metaspace       used 19742K, capacity 21250K, committed 21296K, reserved 1067008K
  class space    used 2337K, capacity 2819K, committed 2864K, reserved 1048576K
}
Event: 5.163 GC heap before
{Heap before GC invocations=3 (full 1):
 PSYoungGen      total 76288K, used 9676K [0x00000007aab00000, 0x00000007b0000000, 0x00000007c0000000)
  eden space 65536K, 0% used [0x00000007aab00000,0x00000007aab00000,0x00000007aeb00000)
  from space 10752K, 89% used [0x00000007af580000,0x00000007afef3088,0x00000007b0000000)
  to   space 10752K, 0% used [0x00000007aeb00000,0x00000007aeb00000,0x00000007af580000)
 ParOldGen       total 175104K, used 96K [0x0000000780000000, 0x000000078ab00000, 0x00000007aab00000)
  object space 175104K, 0% used [0x0000000780000000,0x0000000780018010,0x000000078ab00000)
 Metaspace       used 19742K, capacity 21250K, committed 21296K, reserved 1067008K
  class space    used 2337K, capacity 2819K, committed 2864K, reserved 1048576K
Event: 5.235 GC heap after
Heap after GC invocations=3 (full 1):
 PSYoungGen      total 76288K, used 0K [0x00000007aab00000, 0x00000007b0000000, 0x00000007c0000000)
  eden space 65536K, 0% used [0x00000007aab00000,0x00000007aab00000,0x00000007aeb00000)
  from space 10752K, 0% used [0x00000007af580000,0x00000007af580000,0x00000007b0000000)
  to   space 10752K, 0% used [0x00000007aeb00000,0x00000007aeb00000,0x00000007af580000)
 ParOldGen       total 175104K, used 9402K [0x0000000780000000, 0x000000078ab00000, 0x00000007aab00000)
  object space 175104K, 5% used [0x0000000780000000,0x000000078092ea70,0x000000078ab00000)
 Metaspace       used 19742K, capacity 21250K, committed 21296K, reserved 1067008K
  class space    used 2337K, capacity 2819K, committed 2864K, reserved 1048576K
}

Deoptimization events (10 events):
Event: 2.796 Thread 0x00007fe69980c000 Uncommon trap: reason=unstable_if action=reinterpret pc=0x000000010664b5d0 method=com.sun.org.apache.xerces.internal.impl.XMLEntityScanner.scanLiteral(ILcom/sun/org/apache/xerces/internal/xni/XMLString;)I @ 44
Event: 2.918 Thread 0x00007fe69980c000 Uncommon trap: reason=bimorphic action=maybe_recompile pc=0x000000010635dd20 method=java.util.Hashtable.get(Ljava/lang/Object;)Ljava/lang/Object; @ 6
Event: 2.918 Thread 0x00007fe69980c000 Uncommon trap: reason=bimorphic action=maybe_recompile pc=0x000000010635dd20 method=java.util.Hashtable.get(Ljava/lang/Object;)Ljava/lang/Object; @ 6
Event: 2.918 Thread 0x00007fe69980c000 Uncommon trap: reason=bimorphic action=maybe_recompile pc=0x000000010635dd20 method=java.util.Hashtable.get(Ljava/lang/Object;)Ljava/lang/Object; @ 6
Event: 2.918 Thread 0x00007fe69980c000 Uncommon trap: reason=bimorphic action=maybe_recompile pc=0x000000010635dd20 method=java.util.Hashtable.get(Ljava/lang/Object;)Ljava/lang/Object; @ 6
Event: 2.919 Thread 0x00007fe69980c000 Uncommon trap: reason=unstable_if action=reinterpret pc=0x0000000106345d28 method=java.lang.AbstractStringBuilder.append(Ljava/lang/String;)Ljava/lang/AbstractStringBuilder; @ 1
Event: 2.919 Thread 0x00007fe69980c000 Uncommon trap: reason=unstable_if action=reinterpret pc=0x000000010621ac78 method=java.lang.AbstractStringBuilder.append(Ljava/lang/String;)Ljava/lang/AbstractStringBuilder; @ 1
Event: 5.085 Thread 0x00007fe69980c000 Uncommon trap: reason=speculate_class_check action=maybe_recompile pc=0x00000001065f65e4 method=java.util.ArrayList.<init>(Ljava/util/Collection;)V @ 36
Event: 5.447 Thread 0x00007fe69980c000 Uncommon trap: reason=speculate_class_check action=maybe_recompile pc=0x00000001065f65e4 method=java.util.ArrayList.<init>(Ljava/util/Collection;)V @ 36
Event: 5.458 Thread 0x00007fe69980c000 Uncommon trap: reason=speculate_class_check action=maybe_recompile pc=0x00000001065f65e4 method=java.util.ArrayList.<init>(Ljava/util/Collection;)V @ 36

Internal exceptions (10 events):
Event: 2.907 Thread 0x00007fe69980c000 Exception <a 'java/lang/ClassNotFoundException': java/lang/ObjectCustomizer> (0x00000007ab88f770) thrown at [/Users/java_re/workspace/8-2-build-macosx-x86_64/jdk8u60/4407/hotspot/src/share/vm/classfile/systemDictionary.cpp, line 210]
Event: 2.909 Thread 0x00007fe69980c000 Exception <a 'java/lang/ArrayIndexOutOfBoundsException'> (0x00000007ab8914d0) thrown at [/Users/java_re/workspace/8-2-build-macosx-x86_64/jdk8u60/4407/hotspot/src/share/vm/runtime/sharedRuntime.cpp, line 605]
Event: 2.910 Thread 0x00007fe69980c000 Exception <a 'java/lang/ArrayIndexOutOfBoundsException'> (0x00000007ab894720) thrown at [/Users/java_re/workspace/8-2-build-macosx-x86_64/jdk8u60/4407/hotspot/src/share/vm/runtime/sharedRuntime.cpp, line 605]
Event: 2.911 Thread 0x00007fe69980c000 Exception <a 'java/lang/ArrayIndexOutOfBoundsException'> (0x00000007ab896b58) thrown at [/Users/java_re/workspace/8-2-build-macosx-x86_64/jdk8u60/4407/hotspot/src/share/vm/runtime/sharedRuntime.cpp, line 605]
Event: 2.913 Thread 0x00007fe69980c000 Exception <a 'java/lang/ClassNotFoundException': org/apache/log4j/LayoutCustomizer> (0x00000007ab89e020) thrown at [/Users/java_re/workspace/8-2-build-macosx-x86_64/jdk8u60/4407/hotspot/src/share/vm/classfile/systemDictionary.cpp, line 210]
Event: 2.915 Thread 0x00007fe69980c000 Exception <a 'java/lang/ClassNotFoundException': org/apache/log4j/PatternLayoutCustomizer> (0x00000007ab8adb88) thrown at [/Users/java_re/workspace/8-2-build-macosx-x86_64/jdk8u60/4407/hotspot/src/share/vm/classfile/systemDictionary.cpp, line 210]
Event: 2.919 Thread 0x00007fe69980c000 Implicit null exception at 0x00000001063456e1 to 0x0000000106345d09
Event: 2.919 Thread 0x00007fe69980c000 Implicit null exception at 0x000000010621a7f6 to 0x000000010621ac61
Event: 5.243 Thread 0x00007fe69980c000 Exception <a 'java/lang/NoSuchFieldError': method resolution failed> (0x00000007aab17fb8) thrown at [/Users/java_re/workspace/8-2-build-macosx-x86_64/jdk8u60/4407/hotspot/src/share/vm/prims/methodHandles.cpp, line 1146]
Event: 5.249 Thread 0x00007fe69980c000 Exception <a 'java/lang/NoSuchFieldError': method resolution failed> (0x00000007aab25a48) thrown at [/Users/java_re/workspace/8-2-build-macosx-x86_64/jdk8u60/4407/hotspot/src/share/vm/prims/methodHandles.cpp, line 1146]

Events (10 events):
Event: 30.836 loading class sun/util/resources/TimeZoneNames
Event: 30.837 loading class sun/util/resources/TimeZoneNamesBundle
Event: 30.837 loading class sun/util/resources/TimeZoneNamesBundle done
Event: 30.837 loading class sun/util/resources/TimeZoneNames done
Event: 30.837 loading class sun/util/resources/en/TimeZoneNames_en
Event: 30.837 loading class sun/util/resources/en/TimeZoneNames_en done
Event: 30.839 loading class org/eclipse/osgi/framework/internal/reliablefile/ReliableFile$CacheInfo
Event: 30.839 loading class org/eclipse/osgi/framework/internal/reliablefile/ReliableFile$CacheInfo done
Event: 53.951 Executing VM operation: RedefineClasses
Event: 53.976 Executing VM operation: RedefineClasses done


Dynamic libraries:
0x0000000001c69000 	/System/Library/Frameworks/Cocoa.framework/Versions/A/Cocoa
0x0000000001c69000 	/System/Library/Frameworks/Security.framework/Versions/A/Security
0x0000000001c69000 	/System/Library/Frameworks/ApplicationServices.framework/Versions/A/ApplicationServices
0x0000000001c69000 	/usr/lib/libz.1.dylib
0x0000000001c69000 	/usr/lib/libSystem.B.dylib
0x0000000001c69000 	/usr/lib/libobjc.A.dylib
0x0000000001c69000 	/System/Library/Frameworks/CoreFoundation.framework/Versions/A/CoreFoundation
0x0000000001c69000 	/System/Library/Frameworks/Foundation.framework/Versions/C/Foundation
0x0000000001c69000 	/System/Library/Frameworks/AppKit.framework/Versions/C/AppKit
0x0000000001c69000 	/System/Library/Frameworks/CoreData.framework/Versions/A/CoreData
0x0000000001c69000 	/System/Library/PrivateFrameworks/RemoteViewServices.framework/Versions/A/RemoteViewServices
0x0000000001c69000 	/System/Library/PrivateFrameworks/UIFoundation.framework/Versions/A/UIFoundation
0x0000000001c69000 	/usr/lib/libScreenReader.dylib
0x0000000001c69000 	/System/Library/Frameworks/Accelerate.framework/Versions/A/Accelerate
0x0000000001c69000 	/System/Library/Frameworks/IOSurface.framework/Versions/A/IOSurface
0x0000000001c69000 	/System/Library/Frameworks/AudioToolbox.framework/Versions/A/AudioToolbox
0x0000000001c69000 	/System/Library/Frameworks/AudioUnit.framework/Versions/A/AudioUnit
0x0000000001c69000 	/System/Library/PrivateFrameworks/DataDetectorsCore.framework/Versions/A/DataDetectorsCore
0x0000000001c69000 	/System/Library/PrivateFrameworks/DesktopServicesPriv.framework/Versions/A/DesktopServicesPriv
0x0000000001c69000 	/System/Library/Frameworks/Carbon.framework/Versions/A/Frameworks/HIToolbox.framework/Versions/A/HIToolbox
0x0000000001c69000 	/System/Library/Frameworks/QuartzCore.framework/Versions/A/QuartzCore
0x0000000001c69000 	/System/Library/Frameworks/Carbon.framework/Versions/A/Frameworks/SpeechRecognition.framework/Versions/A/SpeechRecognition
0x0000000001c69000 	/usr/lib/libauto.dylib
0x0000000001c69000 	/usr/lib/libicucore.A.dylib
0x0000000001c69000 	/usr/lib/libxml2.2.dylib
0x0000000001c69000 	/System/Library/PrivateFrameworks/CoreUI.framework/Versions/A/CoreUI
0x0000000001c69000 	/System/Library/Frameworks/CoreAudio.framework/Versions/A/CoreAudio
0x0000000001c69000 	/System/Library/Frameworks/DiskArbitration.framework/Versions/A/DiskArbitration
0x0000000001c69000 	/usr/lib/liblangid.dylib
0x0000000001c69000 	/System/Library/PrivateFrameworks/MultitouchSupport.framework/Versions/A/MultitouchSupport
0x0000000001c69000 	/System/Library/Frameworks/IOKit.framework/Versions/A/IOKit
0x0000000001c69000 	/usr/lib/libDiagnosticMessagesClient.dylib
0x0000000001c69000 	/System/Library/Frameworks/CoreServices.framework/Versions/A/CoreServices
0x0000000001c69000 	/System/Library/PrivateFrameworks/PerformanceAnalysis.framework/Versions/A/PerformanceAnalysis
0x0000000001c69000 	/System/Library/PrivateFrameworks/GenerationalStorage.framework/Versions/A/GenerationalStorage
0x0000000001c69000 	/System/Library/Frameworks/OpenGL.framework/Versions/A/OpenGL
0x0000000001c69000 	/System/Library/PrivateFrameworks/Sharing.framework/Versions/A/Sharing
0x0000000001c69000 	/System/Library/Frameworks/CoreGraphics.framework/Versions/A/CoreGraphics
0x0000000001c69000 	/System/Library/Frameworks/CoreImage.framework/Versions/A/CoreImage
0x0000000001c69000 	/System/Library/Frameworks/CoreText.framework/Versions/A/CoreText
0x0000000001c69000 	/System/Library/Frameworks/ImageIO.framework/Versions/A/ImageIO
0x0000000001c69000 	/System/Library/PrivateFrameworks/Backup.framework/Versions/A/Backup
0x0000000001c69000 	/usr/lib/libextension.dylib
0x0000000001c69000 	/usr/lib/libarchive.2.dylib
0x0000000001c69000 	/System/Library/Frameworks/CFNetwork.framework/Versions/A/CFNetwork
0x0000000001c69000 	/System/Library/Frameworks/SystemConfiguration.framework/Versions/A/SystemConfiguration
0x0000000001c69000 	/usr/lib/libCRFSuite.dylib
0x0000000001c69000 	/usr/lib/libc++.1.dylib
0x0000000001c69000 	/usr/lib/libc++abi.dylib
0x0000000001c69000 	/usr/lib/system/libcache.dylib
0x0000000001c69000 	/usr/lib/system/libcommonCrypto.dylib
0x0000000001c69000 	/usr/lib/system/libcompiler_rt.dylib
0x0000000001c69000 	/usr/lib/system/libcopyfile.dylib
0x0000000001c69000 	/usr/lib/system/libcorecrypto.dylib
0x0000000001c69000 	/usr/lib/system/libdispatch.dylib
0x0000000001c69000 	/usr/lib/system/libdyld.dylib
0x0000000001c69000 	/usr/lib/system/libkeymgr.dylib
0x0000000001c69000 	/usr/lib/system/liblaunch.dylib
0x0000000001c69000 	/usr/lib/system/libmacho.dylib
0x0000000001c69000 	/usr/lib/system/libquarantine.dylib
0x0000000001c69000 	/usr/lib/system/libremovefile.dylib
0x0000000001c69000 	/usr/lib/system/libsystem_asl.dylib
0x0000000001c69000 	/usr/lib/system/libsystem_blocks.dylib
0x0000000001c69000 	/usr/lib/system/libsystem_c.dylib
0x0000000001c69000 	/usr/lib/system/libsystem_configuration.dylib
0x0000000001c69000 	/usr/lib/system/libsystem_coreservices.dylib
0x0000000001c69000 	/usr/lib/system/libsystem_coretls.dylib
0x0000000001c69000 	/usr/lib/system/libsystem_dnssd.dylib
0x0000000001c69000 	/usr/lib/system/libsystem_info.dylib
0x0000000001c69000 	/usr/lib/system/libsystem_kernel.dylib
0x0000000001c69000 	/usr/lib/system/libsystem_m.dylib
0x0000000001c69000 	/usr/lib/system/libsystem_malloc.dylib
0x0000000001c69000 	/usr/lib/system/libsystem_network.dylib
0x0000000001c69000 	/usr/lib/system/libsystem_networkextension.dylib
0x0000000001c69000 	/usr/lib/system/libsystem_notify.dylib
0x0000000001c69000 	/usr/lib/system/libsystem_platform.dylib
0x0000000001c69000 	/usr/lib/system/libsystem_pthread.dylib
0x0000000001c69000 	/usr/lib/system/libsystem_sandbox.dylib
0x0000000001c69000 	/usr/lib/system/libsystem_secinit.dylib
0x0000000001c69000 	/usr/lib/system/libsystem_trace.dylib
0x0000000001c69000 	/usr/lib/system/libunc.dylib
0x0000000001c69000 	/usr/lib/system/libunwind.dylib
0x0000000001c69000 	/usr/lib/system/libxpc.dylib
0x0000000001c69000 	/usr/lib/libenergytrace.dylib
0x0000000001c69000 	/usr/lib/libbsm.0.dylib
0x0000000001c69000 	/usr/lib/system/libkxld.dylib
0x0000000001c69000 	/usr/lib/libxar.1.dylib
0x0000000001c69000 	/usr/lib/libsqlite3.dylib
0x0000000001c69000 	/usr/lib/libpam.2.dylib
0x0000000001c69000 	/usr/lib/libOpenScriptingUtil.dylib
0x0000000001c69000 	/usr/lib/libbz2.1.0.dylib
0x0000000001c69000 	/usr/lib/liblzma.5.dylib
0x0000000001c69000 	/System/Library/Frameworks/CoreServices.framework/Versions/A/Frameworks/FSEvents.framework/Versions/A/FSEvents
0x0000000001c69000 	/System/Library/Frameworks/CoreServices.framework/Versions/A/Frameworks/CarbonCore.framework/Versions/A/CarbonCore
0x0000000001c69000 	/System/Library/Frameworks/CoreServices.framework/Versions/A/Frameworks/Metadata.framework/Versions/A/Metadata
0x0000000001c69000 	/System/Library/Frameworks/CoreServices.framework/Versions/A/Frameworks/OSServices.framework/Versions/A/OSServices
0x0000000001c69000 	/System/Library/Frameworks/CoreServices.framework/Versions/A/Frameworks/SearchKit.framework/Versions/A/SearchKit
0x0000000001c69000 	/System/Library/Frameworks/CoreServices.framework/Versions/A/Frameworks/AE.framework/Versions/A/AE
0x0000000001c69000 	/System/Library/Frameworks/CoreServices.framework/Versions/A/Frameworks/LaunchServices.framework/Versions/A/LaunchServices
0x0000000001c69000 	/System/Library/Frameworks/CoreServices.framework/Versions/A/Frameworks/DictionaryServices.framework/Versions/A/DictionaryServices
0x0000000001c69000 	/System/Library/Frameworks/CoreServices.framework/Versions/A/Frameworks/SharedFileList.framework/Versions/A/SharedFileList
0x0000000001c69000 	/System/Library/Frameworks/NetFS.framework/Versions/A/NetFS
0x0000000001c69000 	/System/Library/PrivateFrameworks/NetAuth.framework/Versions/A/NetAuth
0x0000000001c69000 	/System/Library/PrivateFrameworks/login.framework/Versions/A/Frameworks/loginsupport.framework/Versions/A/loginsupport
0x0000000001c69000 	/System/Library/PrivateFrameworks/TCC.framework/Versions/A/TCC
0x0000000001c69000 	/usr/lib/libmecabra.dylib
0x0000000001c69000 	/System/Library/Frameworks/ApplicationServices.framework/Versions/A/Frameworks/ATS.framework/Versions/A/ATS
0x0000000001c69000 	/System/Library/Frameworks/ApplicationServices.framework/Versions/A/Frameworks/ColorSync.framework/Versions/A/ColorSync
0x0000000001c69000 	/System/Library/Frameworks/ApplicationServices.framework/Versions/A/Frameworks/HIServices.framework/Versions/A/HIServices
0x0000000001c69000 	/System/Library/Frameworks/ApplicationServices.framework/Versions/A/Frameworks/LangAnalysis.framework/Versions/A/LangAnalysis
0x0000000001c69000 	/System/Library/Frameworks/ApplicationServices.framework/Versions/A/Frameworks/PrintCore.framework/Versions/A/PrintCore
0x0000000001c69000 	/System/Library/Frameworks/ApplicationServices.framework/Versions/A/Frameworks/QD.framework/Versions/A/QD
0x0000000001c69000 	/System/Library/Frameworks/ApplicationServices.framework/Versions/A/Frameworks/SpeechSynthesis.framework/Versions/A/SpeechSynthesis
0x0000000001c69000 	/System/Library/Frameworks/Metal.framework/Versions/A/Metal
0x0000000001c69000 	/System/Library/Frameworks/Accelerate.framework/Versions/A/Frameworks/vImage.framework/Versions/A/vImage
0x0000000001c69000 	/System/Library/Frameworks/Accelerate.framework/Versions/A/Frameworks/vecLib.framework/Versions/A/vecLib
0x0000000001c69000 	/System/Library/Frameworks/Accelerate.framework/Versions/A/Frameworks/vecLib.framework/Versions/A/libvDSP.dylib
0x0000000001c69000 	/System/Library/Frameworks/Accelerate.framework/Versions/A/Frameworks/vecLib.framework/Versions/A/libvMisc.dylib
0x0000000001c69000 	/System/Library/Frameworks/Accelerate.framework/Versions/A/Frameworks/vecLib.framework/Versions/A/libLAPACK.dylib
0x0000000001c69000 	/System/Library/Frameworks/Accelerate.framework/Versions/A/Frameworks/vecLib.framework/Versions/A/libBLAS.dylib
0x0000000001c69000 	/System/Library/Frameworks/Accelerate.framework/Versions/A/Frameworks/vecLib.framework/Versions/A/libLinearAlgebra.dylib
0x0000000001c69000 	/System/Library/Frameworks/Accelerate.framework/Versions/A/Frameworks/vecLib.framework/Versions/A/libSparseBLAS.dylib
0x0000000001c69000 	/System/Library/PrivateFrameworks/GPUCompiler.framework/libmetal_timestamp.dylib
0x0000000001c69000 	/System/Library/Frameworks/OpenGL.framework/Versions/A/Libraries/libCoreFSCache.dylib
0x0000000001c69000 	/System/Library/PrivateFrameworks/IOAccelerator.framework/Versions/A/IOAccelerator
0x0000000001c69000 	/System/Library/Frameworks/ApplicationServices.framework/Versions/A/Frameworks/ATS.framework/Versions/A/Resources/libFontParser.dylib
0x0000000001c69000 	/System/Library/Frameworks/ApplicationServices.framework/Versions/A/Frameworks/ATS.framework/Versions/A/Resources/libFontRegistry.dylib
0x0000000001c69000 	/System/Library/PrivateFrameworks/AppleVPA.framework/Versions/A/AppleVPA
0x0000000001c69000 	/System/Library/PrivateFrameworks/AppleJPEG.framework/Versions/A/AppleJPEG
0x0000000001c69000 	/System/Library/Frameworks/ImageIO.framework/Versions/A/Resources/libJPEG.dylib
0x0000000001c69000 	/System/Library/Frameworks/ImageIO.framework/Versions/A/Resources/libTIFF.dylib
0x0000000001c69000 	/System/Library/Frameworks/ImageIO.framework/Versions/A/Resources/libPng.dylib
0x0000000001c69000 	/System/Library/Frameworks/ImageIO.framework/Versions/A/Resources/libGIF.dylib
0x0000000001c69000 	/System/Library/Frameworks/ImageIO.framework/Versions/A/Resources/libJP2.dylib
0x0000000001c69000 	/System/Library/Frameworks/ImageIO.framework/Versions/A/Resources/libRadiance.dylib
0x0000000001c69000 	/System/Library/Frameworks/CoreVideo.framework/Versions/A/CoreVideo
0x0000000001c69000 	/System/Library/Frameworks/OpenGL.framework/Versions/A/Libraries/libGLU.dylib
0x0000000001c69000 	/System/Library/Frameworks/OpenGL.framework/Versions/A/Libraries/libGFXShared.dylib
0x0000000001c69000 	/System/Library/Frameworks/OpenGL.framework/Versions/A/Libraries/libGL.dylib
0x0000000001c69000 	/System/Library/Frameworks/OpenGL.framework/Versions/A/Libraries/libGLImage.dylib
0x0000000001c69000 	/System/Library/Frameworks/OpenGL.framework/Versions/A/Libraries/libCVMSPluginSupport.dylib
0x0000000001c69000 	/System/Library/Frameworks/OpenGL.framework/Versions/A/Libraries/libCoreVMClient.dylib
0x0000000001c69000 	/usr/lib/libcups.2.dylib
0x0000000001c69000 	/System/Library/Frameworks/Kerberos.framework/Versions/A/Kerberos
0x0000000001c69000 	/System/Library/Frameworks/GSS.framework/Versions/A/GSS
0x0000000001c69000 	/usr/lib/libresolv.9.dylib
0x0000000001c69000 	/usr/lib/libiconv.2.dylib
0x0000000001c69000 	/System/Library/PrivateFrameworks/Heimdal.framework/Versions/A/Heimdal
0x0000000001c69000 	/usr/lib/libheimdal-asn1.dylib
0x0000000001c69000 	/System/Library/Frameworks/OpenDirectory.framework/Versions/A/OpenDirectory
0x0000000001c69000 	/System/Library/PrivateFrameworks/CommonAuth.framework/Versions/A/CommonAuth
0x0000000001c69000 	/System/Library/Frameworks/OpenDirectory.framework/Versions/A/Frameworks/CFOpenDirectory.framework/Versions/A/CFOpenDirectory
0x0000000001c69000 	/System/Library/Frameworks/SecurityFoundation.framework/Versions/A/SecurityFoundation
0x0000000001c69000 	/System/Library/PrivateFrameworks/LanguageModeling.framework/Versions/A/LanguageModeling
0x0000000001c69000 	/usr/lib/libmarisa.dylib
0x0000000001c69000 	/usr/lib/libChineseTokenizer.dylib
0x0000000001c69000 	/usr/lib/libcmph.dylib
0x0000000001c69000 	/usr/lib/libcompression.dylib
0x0000000001c69000 	/System/Library/Frameworks/ServiceManagement.framework/Versions/A/ServiceManagement
0x0000000001c69000 	/usr/lib/libxslt.1.dylib
0x0000000001c69000 	/System/Library/Frameworks/Carbon.framework/Versions/A/Frameworks/Ink.framework/Versions/A/Ink
0x0000000001c69000 	/usr/lib/libFosl_dynamic.dylib
0x0000000001c69000 	/System/Library/PrivateFrameworks/FaceCore.framework/Versions/A/FaceCore
0x0000000001c69000 	/System/Library/Frameworks/OpenCL.framework/Versions/A/OpenCL
0x0000000001c69000 	/System/Library/PrivateFrameworks/CrashReporterSupport.framework/Versions/A/CrashReporterSupport
0x0000000001c69000 	/System/Library/PrivateFrameworks/IconServices.framework/Versions/A/IconServices
0x0000000001c69000 	/System/Library/PrivateFrameworks/Apple80211.framework/Versions/A/Apple80211
0x0000000001c69000 	/System/Library/Frameworks/CoreWLAN.framework/Versions/A/CoreWLAN
0x0000000001c69000 	/System/Library/Frameworks/IOBluetooth.framework/Versions/A/IOBluetooth
0x0000000001c69000 	/System/Library/PrivateFrameworks/CoreWiFi.framework/Versions/A/CoreWiFi
0x0000000001c69000 	/System/Library/Frameworks/CoreBluetooth.framework/Versions/A/CoreBluetooth
0x0000000001c69000 	/System/Library/PrivateFrameworks/ChunkingLibrary.framework/Versions/A/ChunkingLibrary
0x0000000001c69000 	/System/Library/PrivateFrameworks/DebugSymbols.framework/Versions/A/DebugSymbols
0x0000000001c69000 	/System/Library/PrivateFrameworks/CoreSymbolication.framework/Versions/A/CoreSymbolication
0x0000000001c69000 	/System/Library/PrivateFrameworks/Symbolication.framework/Versions/A/Symbolication
0x0000000001c69000 	/System/Library/PrivateFrameworks/SpeechRecognitionCore.framework/Versions/A/SpeechRecognitionCore
0x0000000105000000 	/Library/Java/JavaVirtualMachines/jdk1.8.0_60.jdk/Contents/Home/jre/lib/server/libjvm.dylib
0x0000000001c69000 	/usr/lib/libstdc++.6.dylib
0x0000000105f89000 	/Library/Java/JavaVirtualMachines/jdk1.8.0_60.jdk/Contents/Home/jre/lib/libverify.dylib
0x0000000105f97000 	/Library/Java/JavaVirtualMachines/jdk1.8.0_60.jdk/Contents/Home/jre/lib/libjava.dylib
0x0000000105fcc000 	/Library/Java/JavaVirtualMachines/jdk1.8.0_60.jdk/Contents/Home/jre/lib/libjdwp.dylib
0x00000001047fc000 	/Library/Java/JavaVirtualMachines/jdk1.8.0_60.jdk/Contents/Home/jre/lib/libnpt.dylib
0x000000010601f000 	/Library/Java/JavaVirtualMachines/jdk1.8.0_60.jdk/Contents/Home/jre/lib/libzip.dylib
0x0000000119425000 	/System/Library/Frameworks/JavaVM.framework/Frameworks/JavaRuntimeSupport.framework/JavaRuntimeSupport
0x0000000119440000 	/System/Library/Frameworks/JavaVM.framework/Versions/A/Frameworks/JavaNativeFoundation.framework/Versions/A/JavaNativeFoundation
0x0000000119455000 	/System/Library/Frameworks/JavaVM.framework/Versions/A/JavaVM
0x0000000001c69000 	/System/Library/Frameworks/Carbon.framework/Versions/A/Carbon
0x0000000119462000 	/System/Library/PrivateFrameworks/JavaLaunching.framework/Versions/A/JavaLaunching
0x0000000001c69000 	/System/Library/Frameworks/Carbon.framework/Versions/A/Frameworks/CommonPanels.framework/Versions/A/CommonPanels
0x0000000001c69000 	/System/Library/Frameworks/Carbon.framework/Versions/A/Frameworks/Help.framework/Versions/A/Help
0x0000000001c69000 	/System/Library/Frameworks/Carbon.framework/Versions/A/Frameworks/ImageCapture.framework/Versions/A/ImageCapture
0x0000000001c69000 	/System/Library/Frameworks/Carbon.framework/Versions/A/Frameworks/OpenScripting.framework/Versions/A/OpenScripting
0x0000000001c69000 	/System/Library/Frameworks/Carbon.framework/Versions/A/Frameworks/Print.framework/Versions/A/Print
0x0000000001c69000 	/System/Library/Frameworks/Carbon.framework/Versions/A/Frameworks/SecurityHI.framework/Versions/A/SecurityHI
0x000000011ad83000 	/Library/Java/JavaVirtualMachines/jdk1.8.0_60.jdk/Contents/Home/jre/lib/libdt_socket.dylib
0x000000011b6aa000 	/Library/Java/JavaVirtualMachines/jdk1.8.0_60.jdk/Contents/Home/jre/lib/libnet.dylib
0x000000011b6c1000 	/Library/Java/JavaVirtualMachines/jdk1.8.0_60.jdk/Contents/Home/jre/lib/libnio.dylib
0x000000011b2fa000 	/Developer/Tools/Eclipse-Modeling.app/Contents/Eclipse/plugins/org.eclipse.equinox.launcher.cocoa.macosx.x86_64_1.1.300.v20150602-1417/eclipse_1611.so
0x0000000001c69000 	/System/Library/PrivateFrameworks/CoreServicesInternal.framework/Versions/A/CoreServicesInternal
0x0000000001c69000 	/System/Library/PrivateFrameworks/FamilyControls.framework/Versions/A/FamilyControls
0x0000000001c69000 	/System/Library/PrivateFrameworks/CommerceKit.framework/Versions/A/Frameworks/CommerceCore.framework/Versions/A/CommerceCore
0x0000000001c69000 	/System/Library/PrivateFrameworks/SystemAdministration.framework/Versions/A/SystemAdministration
0x0000000001c69000 	/System/Library/PrivateFrameworks/AppContainer.framework/Versions/A/AppContainer
0x0000000001c69000 	/System/Library/PrivateFrameworks/SecCodeWrapper.framework/Versions/A/SecCodeWrapper
0x0000000001c69000 	/System/Library/Frameworks/DirectoryService.framework/Versions/A/DirectoryService
0x0000000001c69000 	/System/Library/PrivateFrameworks/DiskImages.framework/Versions/A/DiskImages
0x0000000001c69000 	/System/Library/PrivateFrameworks/LoginUIKit.framework/Versions/A/Frameworks/LoginUICore.framework/Versions/A/LoginUICore
0x0000000001c69000 	/usr/lib/libCoreStorage.dylib
0x0000000001c69000 	/usr/lib/libcsfde.dylib
0x0000000001c69000 	/usr/lib/libodfde.dylib
0x0000000001c69000 	/System/Library/Frameworks/DiscRecording.framework/Versions/A/DiscRecording
0x0000000001c69000 	/usr/lib/libcurl.4.dylib
0x0000000001c69000 	/System/Library/PrivateFrameworks/MediaKit.framework/Versions/A/MediaKit
0x0000000001c69000 	/System/Library/PrivateFrameworks/ProtectedCloudStorage.framework/Versions/A/ProtectedCloudStorage
0x0000000001c69000 	/System/Library/PrivateFrameworks/EFILogin.framework/Versions/A/EFILogin
0x0000000001c69000 	/usr/lib/libutil.dylib
0x0000000001c69000 	/System/Library/PrivateFrameworks/FindMyDevice.framework/Versions/A/FindMyDevice
0x0000000001c69000 	/System/Library/Frameworks/LDAP.framework/Versions/A/LDAP
0x0000000001c69000 	/usr/lib/libsasl2.2.dylib
0x0000000001c69000 	/System/Library/PrivateFrameworks/CoreDaemon.framework/Versions/B/CoreDaemon
0x0000000001c69000 	/usr/lib/libcrypto.0.9.8.dylib
0x0000000001c69000 	/System/Library/PrivateFrameworks/AppleSRP.framework/Versions/A/AppleSRP
0x0000000001c69000 	/System/Library/PrivateFrameworks/TrustEvaluationAgent.framework/Versions/A/TrustEvaluationAgent

VM Arguments:
jvm_args: -agentlib:jdwp=transport=dt_socket,suspend=y,address=localhost:65144 -Dosgi.requiredJavaVersion=1.7 -Dorg.eclipse.swt.internal.carbon.smallFonts -XX:MaxPermSize=256m -Xms256m -Xmx1024m -Dorg.eclipse.swt.internal.carbon.smallFonts -Dfile.encoding=UTF-8 -Xbootclasspath/p:/Developer/Tools/Eclipse-Modeling.app/Contents/Eclipse/plugins/org.eclipse.jdt.debug_3.9.0.v20150528-1838/jdi.jar 
java_command: org.eclipse.equinox.launcher.Main -os macosx -ws cocoa -arch x86_64 -nl en_US -consoleLog -version 3 -port 65143 -testLoaderClass org.eclipse.jdt.internal.junit4.runner.JUnit4TestLoader -loaderpluginname org.eclipse.jdt.junit4.runtime -test hu.bme.mit.kv.pathfinder.tests.Tests:pathModelTransformTest -application org.eclipse.pde.junit.runtime.coretestapplication -data /Developer/Workspaces/KV/../junit-workspace -configuration file:/Developer/Workspaces/KV/.metadata/.plugins/org.eclipse.pde.core/pde-junit/ -dev file:/Developer/Workspaces/KV/.metadata/.plugins/org.eclipse.pde.core/pde-junit/dev.properties -os macosx -ws cocoa -arch x86_64 -nl en_US -consoleLog -testpluginname hu.bme.mit.kv.pathfinder
java_class_path (initial): /Developer/Tools/Eclipse-Modeling.app/Contents/Eclipse/plugins/org.eclipse.equinox.launcher_1.3.100.v20150511-1540.jar
Launcher Type: SUN_STANDARD

Environment Variables:
PATH=/usr/bin:/bin:/usr/sbin:/sbin
SHELL=/opt/local/bin/zsh
DISPLAY=/private/tmp/com.apple.launchd.Pr6hFAocyG/org.macosforge.xquartz:0

Signal Handlers:
SIGSEGV: [libjvm.dylib+0x5a6d31], sa_mask[0]=11111111011111110111111111111111, sa_flags=SA_ONSTACK|SA_RESTART|SA_SIGINFO
SIGBUS: [libjvm.dylib+0x5a6d31], sa_mask[0]=11111111011111110111111111111111, sa_flags=SA_RESTART|SA_SIGINFO
SIGFPE: [libjvm.dylib+0x480a4c], sa_mask[0]=11111111011111110111111111111111, sa_flags=SA_RESTART|SA_SIGINFO
SIGPIPE: [libjvm.dylib+0x480a4c], sa_mask[0]=11111111011111110111111111111111, sa_flags=SA_RESTART|SA_SIGINFO
SIGXFSZ: [libjvm.dylib+0x480a4c], sa_mask[0]=11111111011111110111111111111111, sa_flags=SA_RESTART|SA_SIGINFO
SIGILL: [libjvm.dylib+0x480a4c], sa_mask[0]=11111111011111110111111111111111, sa_flags=SA_RESTART|SA_SIGINFO
SIGUSR1: SIG_DFL, sa_mask[0]=00000000000000000000000000000000, sa_flags=none
SIGUSR2: [libjvm.dylib+0x48056a], sa_mask[0]=00100000000000000000000000000000, sa_flags=SA_RESTART|SA_SIGINFO
SIGHUP: [libjvm.dylib+0x47eb41], sa_mask[0]=11111111011111110111111111111111, sa_flags=SA_RESTART|SA_SIGINFO
SIGINT: [libjvm.dylib+0x47eb41], sa_mask[0]=11111111011111110111111111111111, sa_flags=SA_RESTART|SA_SIGINFO
SIGTERM: [libjvm.dylib+0x47eb41], sa_mask[0]=11111111011111110111111111111111, sa_flags=SA_RESTART|SA_SIGINFO
SIGQUIT: [libjvm.dylib+0x47eb41], sa_mask[0]=11111111011111110111111111111111, sa_flags=SA_RESTART|SA_SIGINFO


---------------  S Y S T E M  ---------------

OS:Bsduname:Darwin 15.0.0 Darwin Kernel Version 15.0.0: Sat Sep 19 15:53:46 PDT 2015; root:xnu-3247.10.11~1/RELEASE_X86_64 x86_64
rlimit: STACK 8192k, CORE 0k, NPROC 709, NOFILE 10240, AS infinity
load average:2.87 2.30 2.13

CPU:total 4 (2 cores per cpu, 2 threads per core) family 6 model 37 stepping 5, cmov, cx8, fxsr, mmx, sse, sse2, sse3, ssse3, sse4.1, sse4.2, popcnt, aes, clmul, ht, tsc, tscinvbit

Memory: 4k page, physical 4194304k(20168k free)

/proc/meminfo:


vm_info: Java HotSpot(TM) 64-Bit Server VM (25.60-b23) for bsd-amd64 JRE (1.8.0_60-b27), built on Aug  4 2015 10:47:24 by "java_re" with gcc 4.2.1 (Based on Apple Inc. build 5658) (LLVM build 2336.11.00)

time: Wed Dec  2 11:28:20 2015
elapsed time: 54 seconds (0d 0h 0m 54s)

