#
# A fatal error has been detected by the Java Runtime Environment:
#
#  SIGSEGV (0xb) at pc=0x0000000104e46914, pid=28257, tid=16131
#
# JRE version: Java(TM) SE Runtime Environment (8.0_60-b27) (build 1.8.0_60-b27)
# Java VM: Java HotSpot(TM) 64-Bit Server VM (25.60-b23 mixed mode bsd-amd64 compressed oops)
# Problematic frame:
# V  [libjvm.dylib+0x446914]  Method::checked_resolve_jmethod_id(_jmethodID*)+0xe
#
# Failed to write core dump. Core dumps have been disabled. To enable core dumping, try "ulimit -c unlimited" before starting Java again
#
# If you would like to submit a bug report, please visit:
#   http://bugreport.java.com/bugreport/crash.jsp
#

---------------  T H R E A D  ---------------

Current thread (0x00007fdddb80c000):  JavaThread "JDWP Transport Listener: dt_socket" daemon [_thread_in_vm, id=16131, stack(0x00007000009b5000,0x0000700000ab5000)]

siginfo: si_signo: 11 (SIGSEGV), si_code: 0 (unknown), si_addr: 0x0000000000000000

Registers:
RAX=0x0000000000000001, RBX=0x0000700000ab4a8b, RCX=0x0000000105215310, RDX=0x0000700000ab4a8b
RSP=0x0000700000ab49d0, RBP=0x0000700000ab49e0, RSI=0x00007fdddb80c000, RDI=0x676e616c2f617661
R8 =0x0000000000000000, R9 =0x00007fdddb7bee30, R10=0x000000007d156944, R11=0x00007fdddb700000
R12=0x00007fdddb80c000, R13=0x676e616c2f617661, R14=0x676e616c2f617661, R15=0x00007fdddb511370
RIP=0x0000000104e46914, EFLAGS=0x0000000000010202, ERR=0x0000000000000000
  TRAPNO=0x000000000000000d

Top of Stack: (sp=0x0000700000ab49d0)
0x0000700000ab49d0:   0000700000ab4a8b 0000700000ab4a8b
0x0000700000ab49e0:   0000700000ab4a40 0000000104d55a0e
0x0000700000ab49f0:   00007fdddb80c000 0000000000000000
0x0000700000ab4a00:   0000000000000000 0000000000000000
0x0000700000ab4a10:   00007fdddb80c000 00007fdddb80c000
0x0000700000ab4a20:   0000700000ab4a8b 0000700000ab4a90
0x0000700000ab4a30:   676e616c2f617661 0000000000000008
0x0000700000ab4a40:   0000700000ab4a60 0000000104162780
0x0000700000ab4a50:   0000000000000001 0000700000ab4b08
0x0000700000ab4a60:   0000700000ab4ad0 00000001041471f3
0x0000700000ab4a70:   0000700000ab4aa0 00007fdddb7bf450
0x0000700000ab4a80:   0000000900000032 f000100201ab4b08
0x0000700000ab4a90:   0000000000000000 0000000000000000
0x0000700000ab4aa0:   0000000000000000 0000700000ab4c90
0x0000700000ab4ab0:   0000000104169e7a 00007fdddb7bed50
0x0000700000ab4ac0:   0000700000ab4b08 0000000104175598
0x0000700000ab4ad0:   0000700000ab4ae0 00000001041472ec
0x0000700000ab4ae0:   0000700000ab4d00 0000000104150898
0x0000700000ab4af0:   000043d300000013 00000000000f0200
0x0000700000ab4b00:   00007fdddb7bf040 00007fddddacabdf
0x0000700000ab4b10:   00007fdd000002d1 00007fdddb7b7fe0
0x0000700000ab4b20:   000000000000012c 0000700000ab4b58
0x0000700000ab4b30:   00007fdddb7ba2d0 0000000000000000
0x0000700000ab4b40:   000043d3000001fb 00007fff00009c80
0x0000700000ab4b50:   0000000000000000 dd7f000009000000
0x0000700000ab4b60:   10000000d87290de 686769654e746567
0x0000700000ab4b70:   656c755272756f62 6f4c292846000000
0x0000700000ab4b80:   70696c63652f6772 72746169762f6573
0x0000700000ab4b90:   75722f666d652f61 75722f656d69746e
0x0000700000ab4ba0:   637461622f73656c 5468637461422f68
0x0000700000ab4bb0:   6d726f66736e6172 6c75526e6f697461
0x0000700000ab4bc0:   2928af0000003b65 6c63652f67726f4c 

Instructions: (pc=0x0000000104e46914)
0x0000000104e468f4:   40 48 48 85 c0 75 e0 30 c0 0f b6 c0 5d c3 31 c0
0x0000000104e46904:   5d c3 55 48 89 e5 53 48 83 ec 08 48 85 ff 74 24
0x0000000104e46914:   48 8b 1f 48 85 db 74 1c 48 83 fb 37 74 16 48 8b
0x0000000104e46924:   03 48 89 df ff 50 10 84 c0 b8 00 00 00 00 48 0f 

Register to memory mapping:

RAX=0x0000000000000001 is an unknown value
RBX=0x0000700000ab4a8b is pointing into the stack for thread: 0x00007fdddb80c000
RCX=0x0000000105215310: UseMembar+0 in /Library/Java/JavaVirtualMachines/jdk1.8.0_60.jdk/Contents/Home/jre/lib/server/libjvm.dylib at 0x0000000104a00000
RDX=0x0000700000ab4a8b is pointing into the stack for thread: 0x00007fdddb80c000
RSP=0x0000700000ab49d0 is pointing into the stack for thread: 0x00007fdddb80c000
RBP=0x0000700000ab49e0 is pointing into the stack for thread: 0x00007fdddb80c000
RSI=0x00007fdddb80c000 is a thread
RDI=0x676e616c2f617661 is an unknown value
R8 =0x0000000000000000 is an unknown value
R9 =0x00007fdddb7bee30 is an unknown value
R10=0x000000007d156944 is an unknown value
R11=0x00007fdddb700000 is an unknown value
R12=0x00007fdddb80c000 is a thread
R13=0x676e616c2f617661 is an unknown value
R14=0x676e616c2f617661 is an unknown value
R15=0x00007fdddb511370 is an unknown value


Stack: [0x00007000009b5000,0x0000700000ab5000],  sp=0x0000700000ab49d0,  free space=1022k
Native frames: (J=compiled Java code, j=interpreted, Vv=VM code, C=native code)
V  [libjvm.dylib+0x446914]  Method::checked_resolve_jmethod_id(_jmethodID*)+0xe
V  [libjvm.dylib+0x355a0e]  jvmti_IsMethodSynthetic+0xb2
C  [libjdwp.dylib+0x20780]  isMethodSynthetic+0x63
C  [libjdwp.dylib+0x51f3]  methods1+0x10b
C  [libjdwp.dylib+0x52ec]  methodsWithGeneric+0xe
C  [libjdwp.dylib+0xe898]  debugLoop_run+0x1ce
C  [libjdwp.dylib+0x1f6ba]  attachThread+0x4d
V  [libjvm.dylib+0x396d6c]  JvmtiAgentThread::call_start_function()+0x38
V  [libjvm.dylib+0x5612d3]  JavaThread::thread_main_inner()+0x9b
V  [libjvm.dylib+0x5629ce]  JavaThread::run()+0x1c2
V  [libjvm.dylib+0x48343a]  java_start(Thread*)+0xf6
C  [libsystem_pthread.dylib+0x39b1]  _pthread_body+0x83
C  [libsystem_pthread.dylib+0x392e]  _pthread_body+0x0
C  [libsystem_pthread.dylib+0x1385]  thread_start+0xd
C  0x0000000000000000


---------------  P R O C E S S  ---------------

Java Threads: ( => current thread )
  0x00007fddddaba800 JavaThread "Worker-1" [_thread_blocked, id=13575, stack(0x00007000015d9000,0x00007000016d9000)]
  0x00007fdddc76e800 JavaThread "Worker-0" [_thread_blocked, id=39427, stack(0x00007000019e8000,0x0000700001ae8000)]
  0x00007fdddc9e3800 JavaThread "EMF Reference Cleaner" daemon [_thread_blocked, id=38915, stack(0x00007000018e5000,0x00007000019e5000)]
  0x00007fdddcb01800 JavaThread "ReaderThread" [_thread_in_native, id=38407, stack(0x00007000017e2000,0x00007000018e2000)]
  0x00007fdddcad5800 JavaThread "Worker-JM" [_thread_blocked, id=36175, stack(0x00007000016df000,0x00007000017df000)]
  0x00007fdddc13e800 JavaThread "Refresh Thread: Equinox Container: 406c25ca-de98-0015-1bfd-c051f785b623" daemon [_thread_blocked, id=22787, stack(0x00007000014d6000,0x00007000015d6000)]
  0x00007fdddd15b000 JavaThread "Start Level: Equinox Container: 406c25ca-de98-0015-1bfd-c051f785b623" daemon [_thread_blocked, id=22275, stack(0x00007000013d3000,0x00007000014d3000)]
  0x00007fdddc0f1000 JavaThread "Framework Event Dispatcher: Equinox Container: 406c25ca-de98-0015-1bfd-c051f785b623" daemon [_thread_blocked, id=21763, stack(0x00007000012d0000,0x00007000013d0000)]
  0x00007fdddca37800 JavaThread "Active Thread: Equinox Container: 406c25ca-de98-0015-1bfd-c051f785b623" [_thread_blocked, id=21511, stack(0x00007000011cd000,0x00007000012cd000)]
  0x00007fdddc01e000 JavaThread "Service Thread" daemon [_thread_blocked, id=19203, stack(0x0000700000fc7000,0x00007000010c7000)]
  0x00007fdddc01d000 JavaThread "C1 CompilerThread2" daemon [_thread_blocked, id=18691, stack(0x0000700000ec4000,0x0000700000fc4000)]
  0x00007fdddc014800 JavaThread "C2 CompilerThread1" daemon [_thread_blocked, id=18179, stack(0x0000700000dc1000,0x0000700000ec1000)]
  0x00007fdddd001000 JavaThread "C2 CompilerThread0" daemon [_thread_blocked, id=17667, stack(0x0000700000cbe000,0x0000700000dbe000)]
  0x00007fdddb80e000 JavaThread "JDWP Command Reader" daemon [_thread_in_native, id=17155, stack(0x0000700000bbb000,0x0000700000cbb000)]
  0x00007fdddb80d000 JavaThread "JDWP Event Helper Thread" daemon [_thread_blocked, id=16643, stack(0x0000700000ab8000,0x0000700000bb8000)]
=>0x00007fdddb80c000 JavaThread "JDWP Transport Listener: dt_socket" daemon [_thread_in_vm, id=16131, stack(0x00007000009b5000,0x0000700000ab5000)]
  0x00007fdddc845000 JavaThread "Signal Dispatcher" daemon [_thread_blocked, id=12815, stack(0x00007000008b2000,0x00007000009b2000)]
  0x00007fdddd008000 JavaThread "Finalizer" daemon [_thread_blocked, id=12291, stack(0x000070000072c000,0x000070000082c000)]
  0x00007fdddc867000 JavaThread "Reference Handler" daemon [_thread_blocked, id=11779, stack(0x0000700000629000,0x0000700000729000)]
  0x00007fdddc80b800 JavaThread "main" [_thread_blocked, id=2571, stack(0x00007fff5b583000,0x00007fff5bd83000)]

Other Threads:
  0x00007fdddc866800 VMThread [stack: 0x0000700000526000,0x0000700000626000] [id=11267]
  0x00007fdddd00b000 WatcherThread [stack: 0x00007000010ca000,0x00007000011ca000] [id=19715]

VM state:not at safepoint (normal execution)

VM Mutex/Monitor currently owned by a thread: None

Heap:
 PSYoungGen      total 76288K, used 14079K [0x00000007aab00000, 0x00000007b0000000, 0x00000007c0000000)
  eden space 65536K, 21% used [0x00000007aab00000,0x00000007ab8bfe90,0x00000007aeb00000)
  from space 10752K, 0% used [0x00000007af580000,0x00000007af580000,0x00000007b0000000)
  to   space 10752K, 0% used [0x00000007aeb00000,0x00000007aeb00000,0x00000007af580000)
 ParOldGen       total 175104K, used 9406K [0x0000000780000000, 0x000000078ab00000, 0x00000007aab00000)
  object space 175104K, 5% used [0x0000000780000000,0x000000078092f810,0x000000078ab00000)
 Metaspace       used 21926K, capacity 23497K, committed 23728K, reserved 1069056K
  class space    used 2685K, capacity 3191K, committed 3248K, reserved 1048576K

Card table byte_map: [0x0000000114d49000,0x0000000114f4a000] byte_map_base: 0x0000000111149000

Marking Bits: (ParMarkBitMap*) 0x00000001052dee20
 Begin Bits: [0x00000001150a0000, 0x00000001160a0000)
 End Bits:   [0x00000001160a0000, 0x00000001170a0000)

Polling page: 0x0000000104141000

CodeCache: size=245760Kb used=7639Kb max_used=7655Kb free=238120Kb
 bounds [0x0000000105989000, 0x0000000106109000, 0x0000000114989000]
 total_blobs=2529 nmethods=2116 adapters=335
 compilation: enabled

Compilation events (10 events):
Event: 30.779 Thread 0x00007fdddc01d000 2119       3       java.nio.charset.CharsetEncoder::implOnUnmappableCharacter (1 bytes)
Event: 30.779 Thread 0x00007fdddc01d000 nmethod 2119 0x00000001060fc150 code [0x00000001060fc2a0, 0x00000001060fc3f0]
Event: 30.781 Thread 0x00007fdddd001000 nmethod 2106 0x00000001061014d0 code [0x0000000106101700, 0x00000001061024d0]
Event: 30.781 Thread 0x00007fdddd001000 2113       4       java.io.DataOutputStream::writeInt (65 bytes)
Event: 30.782 Thread 0x00007fdddc014800 nmethod 2107 0x00000001060f9a50 code [0x00000001060f9be0, 0x00000001060fa0e8]
Event: 30.782 Thread 0x00007fdddc014800 2109  s    4       java.io.DataOutputStream::write (16 bytes)
Event: 30.784 Thread 0x00007fdddc014800 nmethod 2109 0x00000001060fa6d0 code [0x00000001060fa820, 0x00000001060fab58]
Event: 30.784 Thread 0x00007fdddc014800 2111  s    4       java.io.BufferedOutputStream::write (67 bytes)
Event: 30.787 Thread 0x00007fdddc014800 nmethod 2111 0x0000000106103490 code [0x0000000106103600, 0x0000000106103b68]
Event: 30.791 Thread 0x00007fdddd001000 nmethod 2113 0x00000001060ff750 code [0x00000001060ff960, 0x0000000106100c10]

GC Heap History (6 events):
Event: 1.942 GC heap before
{Heap before GC invocations=1 (full 0):
 PSYoungGen      total 76288K, used 65536K [0x00000007aab00000, 0x00000007b0000000, 0x00000007c0000000)
  eden space 65536K, 100% used [0x00000007aab00000,0x00000007aeb00000,0x00000007aeb00000)
  from space 10752K, 0% used [0x00000007af580000,0x00000007af580000,0x00000007b0000000)
  to   space 10752K, 0% used [0x00000007aeb00000,0x00000007aeb00000,0x00000007af580000)
 ParOldGen       total 175104K, used 0K [0x0000000780000000, 0x000000078ab00000, 0x00000007aab00000)
  object space 175104K, 0% used [0x0000000780000000,0x0000000780000000,0x000000078ab00000)
 Metaspace       used 12631K, capacity 13386K, committed 13696K, reserved 1060864K
  class space    used 1372K, capacity 1537K, committed 1664K, reserved 1048576K
Event: 1.960 GC heap after
Heap after GC invocations=1 (full 0):
 PSYoungGen      total 76288K, used 9981K [0x00000007aab00000, 0x00000007b0000000, 0x00000007c0000000)
  eden space 65536K, 0% used [0x00000007aab00000,0x00000007aab00000,0x00000007aeb00000)
  from space 10752K, 92% used [0x00000007aeb00000,0x00000007af4bf4f0,0x00000007af580000)
  to   space 10752K, 0% used [0x00000007af580000,0x00000007af580000,0x00000007b0000000)
 ParOldGen       total 175104K, used 72K [0x0000000780000000, 0x000000078ab00000, 0x00000007aab00000)
  object space 175104K, 0% used [0x0000000780000000,0x0000000780012010,0x000000078ab00000)
 Metaspace       used 12631K, capacity 13386K, committed 13696K, reserved 1060864K
  class space    used 1372K, capacity 1537K, committed 1664K, reserved 1048576K
}
Event: 5.153 GC heap before
{Heap before GC invocations=2 (full 0):
 PSYoungGen      total 76288K, used 26208K [0x00000007aab00000, 0x00000007b0000000, 0x00000007c0000000)
  eden space 65536K, 24% used [0x00000007aab00000,0x00000007abad8d50,0x00000007aeb00000)
  from space 10752K, 92% used [0x00000007aeb00000,0x00000007af4bf4f0,0x00000007af580000)
  to   space 10752K, 0% used [0x00000007af580000,0x00000007af580000,0x00000007b0000000)
 ParOldGen       total 175104K, used 72K [0x0000000780000000, 0x000000078ab00000, 0x00000007aab00000)
  object space 175104K, 0% used [0x0000000780000000,0x0000000780012010,0x000000078ab00000)
 Metaspace       used 19737K, capacity 21253K, committed 21296K, reserved 1067008K
  class space    used 2338K, capacity 2821K, committed 2864K, reserved 1048576K
Event: 5.174 GC heap after
Heap after GC invocations=2 (full 0):
 PSYoungGen      total 76288K, used 9726K [0x00000007aab00000, 0x00000007b0000000, 0x00000007c0000000)
  eden space 65536K, 0% used [0x00000007aab00000,0x00000007aab00000,0x00000007aeb00000)
  from space 10752K, 90% used [0x00000007af580000,0x00000007afeff860,0x00000007b0000000)
  to   space 10752K, 0% used [0x00000007aeb00000,0x00000007aeb00000,0x00000007af580000)
 ParOldGen       total 175104K, used 96K [0x0000000780000000, 0x000000078ab00000, 0x00000007aab00000)
  object space 175104K, 0% used [0x0000000780000000,0x0000000780018010,0x000000078ab00000)
 Metaspace       used 19737K, capacity 21253K, committed 21296K, reserved 1067008K
  class space    used 2338K, capacity 2821K, committed 2864K, reserved 1048576K
}
Event: 5.174 GC heap before
{Heap before GC invocations=3 (full 1):
 PSYoungGen      total 76288K, used 9726K [0x00000007aab00000, 0x00000007b0000000, 0x00000007c0000000)
  eden space 65536K, 0% used [0x00000007aab00000,0x00000007aab00000,0x00000007aeb00000)
  from space 10752K, 90% used [0x00000007af580000,0x00000007afeff860,0x00000007b0000000)
  to   space 10752K, 0% used [0x00000007aeb00000,0x00000007aeb00000,0x00000007af580000)
 ParOldGen       total 175104K, used 96K [0x0000000780000000, 0x000000078ab00000, 0x00000007aab00000)
  object space 175104K, 0% used [0x0000000780000000,0x0000000780018010,0x000000078ab00000)
 Metaspace       used 19737K, capacity 21253K, committed 21296K, reserved 1067008K
  class space    used 2338K, capacity 2821K, committed 2864K, reserved 1048576K
Event: 5.240 GC heap after
Heap after GC invocations=3 (full 1):
 PSYoungGen      total 76288K, used 0K [0x00000007aab00000, 0x00000007b0000000, 0x00000007c0000000)
  eden space 65536K, 0% used [0x00000007aab00000,0x00000007aab00000,0x00000007aeb00000)
  from space 10752K, 0% used [0x00000007af580000,0x00000007af580000,0x00000007b0000000)
  to   space 10752K, 0% used [0x00000007aeb00000,0x00000007aeb00000,0x00000007af580000)
 ParOldGen       total 175104K, used 9406K [0x0000000780000000, 0x000000078ab00000, 0x00000007aab00000)
  object space 175104K, 5% used [0x0000000780000000,0x000000078092f810,0x000000078ab00000)
 Metaspace       used 19737K, capacity 21253K, committed 21296K, reserved 1067008K
  class space    used 2338K, capacity 2821K, committed 2864K, reserved 1048576K
}

Deoptimization events (10 events):
Event: 2.690 Thread 0x00007fdddc80b800 Uncommon trap: reason=unstable_if action=reinterpret pc=0x0000000105fac4d0 method=com.sun.org.apache.xerces.internal.impl.XMLEntityScanner.scanLiteral(ILcom/sun/org/apache/xerces/internal/xni/XMLString;)I @ 44
Event: 2.804 Thread 0x00007fdddc80b800 Uncommon trap: reason=unstable_if action=reinterpret pc=0x0000000105cac260 method=java.lang.AbstractStringBuilder.append(Ljava/lang/String;)Ljava/lang/AbstractStringBuilder; @ 1
Event: 2.804 Thread 0x00007fdddc80b800 Uncommon trap: reason=unstable_if action=reinterpret pc=0x0000000105b28700 method=java.lang.AbstractStringBuilder.append(Ljava/lang/String;)Ljava/lang/AbstractStringBuilder; @ 1
Event: 2.816 Thread 0x00007fdddc80b800 Uncommon trap: reason=bimorphic action=maybe_recompile pc=0x0000000105ff3a24 method=java.util.Hashtable.get(Ljava/lang/Object;)Ljava/lang/Object; @ 6
Event: 2.816 Thread 0x00007fdddc80b800 Uncommon trap: reason=bimorphic action=maybe_recompile pc=0x0000000105ff3a24 method=java.util.Hashtable.get(Ljava/lang/Object;)Ljava/lang/Object; @ 6
Event: 2.816 Thread 0x00007fdddc80b800 Uncommon trap: reason=bimorphic action=maybe_recompile pc=0x0000000105ff3a24 method=java.util.Hashtable.get(Ljava/lang/Object;)Ljava/lang/Object; @ 6
Event: 2.816 Thread 0x00007fdddc80b800 Uncommon trap: reason=bimorphic action=maybe_recompile pc=0x0000000105ff3a24 method=java.util.Hashtable.get(Ljava/lang/Object;)Ljava/lang/Object; @ 6
Event: 5.098 Thread 0x00007fdddc80b800 Uncommon trap: reason=speculate_class_check action=maybe_recompile pc=0x0000000105f4bd24 method=java.util.ArrayList.<init>(Ljava/util/Collection;)V @ 36
Event: 5.488 Thread 0x00007fdddc80b800 Uncommon trap: reason=speculate_class_check action=maybe_recompile pc=0x0000000105f4bd24 method=java.util.ArrayList.<init>(Ljava/util/Collection;)V @ 36
Event: 5.503 Thread 0x00007fdddc80b800 Uncommon trap: reason=speculate_class_check action=maybe_recompile pc=0x0000000105f4bd24 method=java.util.ArrayList.<init>(Ljava/util/Collection;)V @ 36

Internal exceptions (10 events):
Event: 2.791 Thread 0x00007fdddc80b800 Exception <a 'java/lang/ClassNotFoundException': java/lang/ObjectCustomizer> (0x00000007ab8900e8) thrown at [/Users/java_re/workspace/8-2-build-macosx-x86_64/jdk8u60/4407/hotspot/src/share/vm/classfile/systemDictionary.cpp, line 210]
Event: 2.793 Thread 0x00007fdddc80b800 Exception <a 'java/lang/ArrayIndexOutOfBoundsException'> (0x00000007ab891e48) thrown at [/Users/java_re/workspace/8-2-build-macosx-x86_64/jdk8u60/4407/hotspot/src/share/vm/runtime/sharedRuntime.cpp, line 605]
Event: 2.794 Thread 0x00007fdddc80b800 Exception <a 'java/lang/ArrayIndexOutOfBoundsException'> (0x00000007ab895098) thrown at [/Users/java_re/workspace/8-2-build-macosx-x86_64/jdk8u60/4407/hotspot/src/share/vm/runtime/sharedRuntime.cpp, line 605]
Event: 2.795 Thread 0x00007fdddc80b800 Exception <a 'java/lang/ArrayIndexOutOfBoundsException'> (0x00000007ab8974d0) thrown at [/Users/java_re/workspace/8-2-build-macosx-x86_64/jdk8u60/4407/hotspot/src/share/vm/runtime/sharedRuntime.cpp, line 605]
Event: 2.798 Thread 0x00007fdddc80b800 Exception <a 'java/lang/ClassNotFoundException': org/apache/log4j/LayoutCustomizer> (0x00000007ab89e998) thrown at [/Users/java_re/workspace/8-2-build-macosx-x86_64/jdk8u60/4407/hotspot/src/share/vm/classfile/systemDictionary.cpp, line 210]
Event: 2.801 Thread 0x00007fdddc80b800 Exception <a 'java/lang/ClassNotFoundException': org/apache/log4j/PatternLayoutCustomizer> (0x00000007ab8ae500) thrown at [/Users/java_re/workspace/8-2-build-macosx-x86_64/jdk8u60/4407/hotspot/src/share/vm/classfile/systemDictionary.cpp, line 210]
Event: 2.804 Thread 0x00007fdddc80b800 Implicit null exception at 0x0000000105cabc6f to 0x0000000105cac249
Event: 2.804 Thread 0x00007fdddc80b800 Implicit null exception at 0x0000000105b28276 to 0x0000000105b286e9
Event: 5.247 Thread 0x00007fdddc80b800 Exception <a 'java/lang/NoSuchFieldError': method resolution failed> (0x00000007aab11c38) thrown at [/Users/java_re/workspace/8-2-build-macosx-x86_64/jdk8u60/4407/hotspot/src/share/vm/prims/methodHandles.cpp, line 1146]
Event: 5.264 Thread 0x00007fdddc80b800 Exception <a 'java/lang/NoSuchFieldError': method resolution failed> (0x00000007aab1f6c8) thrown at [/Users/java_re/workspace/8-2-build-macosx-x86_64/jdk8u60/4407/hotspot/src/share/vm/prims/methodHandles.cpp, line 1146]

Events (10 events):
Event: 30.773 loading class sun/util/resources/en/TimeZoneNames_en
Event: 30.773 loading class sun/util/resources/en/TimeZoneNames_en done
Event: 30.776 loading class org/eclipse/osgi/framework/internal/reliablefile/ReliableFile$CacheInfo
Event: 30.776 loading class org/eclipse/osgi/framework/internal/reliablefile/ReliableFile$CacheInfo done
Event: 30.777 Thread 0x00007fdddca37800 DEOPT PACKING pc=0x0000000105dc3340 sp=0x00007000012cc060
Event: 30.777 Thread 0x00007fdddca37800 DEOPT UNPACKING pc=0x00000001059d0233 sp=0x00007000012cbdd0 mode 0
Event: 64.001 Executing VM operation: GetOrSetLocal
Event: 64.001 Executing VM operation: GetOrSetLocal done
Event: 111.562 Executing VM operation: RedefineClasses
Event: 111.587 Executing VM operation: RedefineClasses done


Dynamic libraries:
0x0000000001c69000 	/System/Library/Frameworks/Cocoa.framework/Versions/A/Cocoa
0x0000000001c69000 	/System/Library/Frameworks/Security.framework/Versions/A/Security
0x0000000001c69000 	/System/Library/Frameworks/ApplicationServices.framework/Versions/A/ApplicationServices
0x0000000001c69000 	/usr/lib/libz.1.dylib
0x0000000001c69000 	/usr/lib/libSystem.B.dylib
0x0000000001c69000 	/usr/lib/libobjc.A.dylib
0x0000000001c69000 	/System/Library/Frameworks/CoreFoundation.framework/Versions/A/CoreFoundation
0x0000000001c69000 	/System/Library/Frameworks/Foundation.framework/Versions/C/Foundation
0x0000000001c69000 	/System/Library/Frameworks/AppKit.framework/Versions/C/AppKit
0x0000000001c69000 	/System/Library/Frameworks/CoreData.framework/Versions/A/CoreData
0x0000000001c69000 	/System/Library/PrivateFrameworks/RemoteViewServices.framework/Versions/A/RemoteViewServices
0x0000000001c69000 	/System/Library/PrivateFrameworks/UIFoundation.framework/Versions/A/UIFoundation
0x0000000001c69000 	/usr/lib/libScreenReader.dylib
0x0000000001c69000 	/System/Library/Frameworks/Accelerate.framework/Versions/A/Accelerate
0x0000000001c69000 	/System/Library/Frameworks/IOSurface.framework/Versions/A/IOSurface
0x0000000001c69000 	/System/Library/Frameworks/AudioToolbox.framework/Versions/A/AudioToolbox
0x0000000001c69000 	/System/Library/Frameworks/AudioUnit.framework/Versions/A/AudioUnit
0x0000000001c69000 	/System/Library/PrivateFrameworks/DataDetectorsCore.framework/Versions/A/DataDetectorsCore
0x0000000001c69000 	/System/Library/PrivateFrameworks/DesktopServicesPriv.framework/Versions/A/DesktopServicesPriv
0x0000000001c69000 	/System/Library/Frameworks/Carbon.framework/Versions/A/Frameworks/HIToolbox.framework/Versions/A/HIToolbox
0x0000000001c69000 	/System/Library/Frameworks/QuartzCore.framework/Versions/A/QuartzCore
0x0000000001c69000 	/System/Library/Frameworks/Carbon.framework/Versions/A/Frameworks/SpeechRecognition.framework/Versions/A/SpeechRecognition
0x0000000001c69000 	/usr/lib/libauto.dylib
0x0000000001c69000 	/usr/lib/libicucore.A.dylib
0x0000000001c69000 	/usr/lib/libxml2.2.dylib
0x0000000001c69000 	/System/Library/PrivateFrameworks/CoreUI.framework/Versions/A/CoreUI
0x0000000001c69000 	/System/Library/Frameworks/CoreAudio.framework/Versions/A/CoreAudio
0x0000000001c69000 	/System/Library/Frameworks/DiskArbitration.framework/Versions/A/DiskArbitration
0x0000000001c69000 	/usr/lib/liblangid.dylib
0x0000000001c69000 	/System/Library/PrivateFrameworks/MultitouchSupport.framework/Versions/A/MultitouchSupport
0x0000000001c69000 	/System/Library/Frameworks/IOKit.framework/Versions/A/IOKit
0x0000000001c69000 	/usr/lib/libDiagnosticMessagesClient.dylib
0x0000000001c69000 	/System/Library/Frameworks/CoreServices.framework/Versions/A/CoreServices
0x0000000001c69000 	/System/Library/PrivateFrameworks/PerformanceAnalysis.framework/Versions/A/PerformanceAnalysis
0x0000000001c69000 	/System/Library/PrivateFrameworks/GenerationalStorage.framework/Versions/A/GenerationalStorage
0x0000000001c69000 	/System/Library/Frameworks/OpenGL.framework/Versions/A/OpenGL
0x0000000001c69000 	/System/Library/PrivateFrameworks/Sharing.framework/Versions/A/Sharing
0x0000000001c69000 	/System/Library/Frameworks/CoreGraphics.framework/Versions/A/CoreGraphics
0x0000000001c69000 	/System/Library/Frameworks/CoreImage.framework/Versions/A/CoreImage
0x0000000001c69000 	/System/Library/Frameworks/CoreText.framework/Versions/A/CoreText
0x0000000001c69000 	/System/Library/Frameworks/ImageIO.framework/Versions/A/ImageIO
0x0000000001c69000 	/System/Library/PrivateFrameworks/Backup.framework/Versions/A/Backup
0x0000000001c69000 	/usr/lib/libextension.dylib
0x0000000001c69000 	/usr/lib/libarchive.2.dylib
0x0000000001c69000 	/System/Library/Frameworks/CFNetwork.framework/Versions/A/CFNetwork
0x0000000001c69000 	/System/Library/Frameworks/SystemConfiguration.framework/Versions/A/SystemConfiguration
0x0000000001c69000 	/usr/lib/libCRFSuite.dylib
0x0000000001c69000 	/usr/lib/libc++.1.dylib
0x0000000001c69000 	/usr/lib/libc++abi.dylib
0x0000000001c69000 	/usr/lib/system/libcache.dylib
0x0000000001c69000 	/usr/lib/system/libcommonCrypto.dylib
0x0000000001c69000 	/usr/lib/system/libcompiler_rt.dylib
0x0000000001c69000 	/usr/lib/system/libcopyfile.dylib
0x0000000001c69000 	/usr/lib/system/libcorecrypto.dylib
0x0000000001c69000 	/usr/lib/system/libdispatch.dylib
0x0000000001c69000 	/usr/lib/system/libdyld.dylib
0x0000000001c69000 	/usr/lib/system/libkeymgr.dylib
0x0000000001c69000 	/usr/lib/system/liblaunch.dylib
0x0000000001c69000 	/usr/lib/system/libmacho.dylib
0x0000000001c69000 	/usr/lib/system/libquarantine.dylib
0x0000000001c69000 	/usr/lib/system/libremovefile.dylib
0x0000000001c69000 	/usr/lib/system/libsystem_asl.dylib
0x0000000001c69000 	/usr/lib/system/libsystem_blocks.dylib
0x0000000001c69000 	/usr/lib/system/libsystem_c.dylib
0x0000000001c69000 	/usr/lib/system/libsystem_configuration.dylib
0x0000000001c69000 	/usr/lib/system/libsystem_coreservices.dylib
0x0000000001c69000 	/usr/lib/system/libsystem_coretls.dylib
0x0000000001c69000 	/usr/lib/system/libsystem_dnssd.dylib
0x0000000001c69000 	/usr/lib/system/libsystem_info.dylib
0x0000000001c69000 	/usr/lib/system/libsystem_kernel.dylib
0x0000000001c69000 	/usr/lib/system/libsystem_m.dylib
0x0000000001c69000 	/usr/lib/system/libsystem_malloc.dylib
0x0000000001c69000 	/usr/lib/system/libsystem_network.dylib
0x0000000001c69000 	/usr/lib/system/libsystem_networkextension.dylib
0x0000000001c69000 	/usr/lib/system/libsystem_notify.dylib
0x0000000001c69000 	/usr/lib/system/libsystem_platform.dylib
0x0000000001c69000 	/usr/lib/system/libsystem_pthread.dylib
0x0000000001c69000 	/usr/lib/system/libsystem_sandbox.dylib
0x0000000001c69000 	/usr/lib/system/libsystem_secinit.dylib
0x0000000001c69000 	/usr/lib/system/libsystem_trace.dylib
0x0000000001c69000 	/usr/lib/system/libunc.dylib
0x0000000001c69000 	/usr/lib/system/libunwind.dylib
0x0000000001c69000 	/usr/lib/system/libxpc.dylib
0x0000000001c69000 	/usr/lib/libenergytrace.dylib
0x0000000001c69000 	/usr/lib/libbsm.0.dylib
0x0000000001c69000 	/usr/lib/system/libkxld.dylib
0x0000000001c69000 	/usr/lib/libxar.1.dylib
0x0000000001c69000 	/usr/lib/libsqlite3.dylib
0x0000000001c69000 	/usr/lib/libpam.2.dylib
0x0000000001c69000 	/usr/lib/libOpenScriptingUtil.dylib
0x0000000001c69000 	/usr/lib/libbz2.1.0.dylib
0x0000000001c69000 	/usr/lib/liblzma.5.dylib
0x0000000001c69000 	/System/Library/Frameworks/CoreServices.framework/Versions/A/Frameworks/FSEvents.framework/Versions/A/FSEvents
0x0000000001c69000 	/System/Library/Frameworks/CoreServices.framework/Versions/A/Frameworks/CarbonCore.framework/Versions/A/CarbonCore
0x0000000001c69000 	/System/Library/Frameworks/CoreServices.framework/Versions/A/Frameworks/Metadata.framework/Versions/A/Metadata
0x0000000001c69000 	/System/Library/Frameworks/CoreServices.framework/Versions/A/Frameworks/OSServices.framework/Versions/A/OSServices
0x0000000001c69000 	/System/Library/Frameworks/CoreServices.framework/Versions/A/Frameworks/SearchKit.framework/Versions/A/SearchKit
0x0000000001c69000 	/System/Library/Frameworks/CoreServices.framework/Versions/A/Frameworks/AE.framework/Versions/A/AE
0x0000000001c69000 	/System/Library/Frameworks/CoreServices.framework/Versions/A/Frameworks/LaunchServices.framework/Versions/A/LaunchServices
0x0000000001c69000 	/System/Library/Frameworks/CoreServices.framework/Versions/A/Frameworks/DictionaryServices.framework/Versions/A/DictionaryServices
0x0000000001c69000 	/System/Library/Frameworks/CoreServices.framework/Versions/A/Frameworks/SharedFileList.framework/Versions/A/SharedFileList
0x0000000001c69000 	/System/Library/Frameworks/NetFS.framework/Versions/A/NetFS
0x0000000001c69000 	/System/Library/PrivateFrameworks/NetAuth.framework/Versions/A/NetAuth
0x0000000001c69000 	/System/Library/PrivateFrameworks/login.framework/Versions/A/Frameworks/loginsupport.framework/Versions/A/loginsupport
0x0000000001c69000 	/System/Library/PrivateFrameworks/TCC.framework/Versions/A/TCC
0x0000000001c69000 	/usr/lib/libmecabra.dylib
0x0000000001c69000 	/System/Library/Frameworks/ApplicationServices.framework/Versions/A/Frameworks/ATS.framework/Versions/A/ATS
0x0000000001c69000 	/System/Library/Frameworks/ApplicationServices.framework/Versions/A/Frameworks/ColorSync.framework/Versions/A/ColorSync
0x0000000001c69000 	/System/Library/Frameworks/ApplicationServices.framework/Versions/A/Frameworks/HIServices.framework/Versions/A/HIServices
0x0000000001c69000 	/System/Library/Frameworks/ApplicationServices.framework/Versions/A/Frameworks/LangAnalysis.framework/Versions/A/LangAnalysis
0x0000000001c69000 	/System/Library/Frameworks/ApplicationServices.framework/Versions/A/Frameworks/PrintCore.framework/Versions/A/PrintCore
0x0000000001c69000 	/System/Library/Frameworks/ApplicationServices.framework/Versions/A/Frameworks/QD.framework/Versions/A/QD
0x0000000001c69000 	/System/Library/Frameworks/ApplicationServices.framework/Versions/A/Frameworks/SpeechSynthesis.framework/Versions/A/SpeechSynthesis
0x0000000001c69000 	/System/Library/Frameworks/Metal.framework/Versions/A/Metal
0x0000000001c69000 	/System/Library/Frameworks/Accelerate.framework/Versions/A/Frameworks/vImage.framework/Versions/A/vImage
0x0000000001c69000 	/System/Library/Frameworks/Accelerate.framework/Versions/A/Frameworks/vecLib.framework/Versions/A/vecLib
0x0000000001c69000 	/System/Library/Frameworks/Accelerate.framework/Versions/A/Frameworks/vecLib.framework/Versions/A/libvDSP.dylib
0x0000000001c69000 	/System/Library/Frameworks/Accelerate.framework/Versions/A/Frameworks/vecLib.framework/Versions/A/libvMisc.dylib
0x0000000001c69000 	/System/Library/Frameworks/Accelerate.framework/Versions/A/Frameworks/vecLib.framework/Versions/A/libLAPACK.dylib
0x0000000001c69000 	/System/Library/Frameworks/Accelerate.framework/Versions/A/Frameworks/vecLib.framework/Versions/A/libBLAS.dylib
0x0000000001c69000 	/System/Library/Frameworks/Accelerate.framework/Versions/A/Frameworks/vecLib.framework/Versions/A/libLinearAlgebra.dylib
0x0000000001c69000 	/System/Library/Frameworks/Accelerate.framework/Versions/A/Frameworks/vecLib.framework/Versions/A/libSparseBLAS.dylib
0x0000000001c69000 	/System/Library/PrivateFrameworks/GPUCompiler.framework/libmetal_timestamp.dylib
0x0000000001c69000 	/System/Library/Frameworks/OpenGL.framework/Versions/A/Libraries/libCoreFSCache.dylib
0x0000000001c69000 	/System/Library/PrivateFrameworks/IOAccelerator.framework/Versions/A/IOAccelerator
0x0000000001c69000 	/System/Library/Frameworks/ApplicationServices.framework/Versions/A/Frameworks/ATS.framework/Versions/A/Resources/libFontParser.dylib
0x0000000001c69000 	/System/Library/Frameworks/ApplicationServices.framework/Versions/A/Frameworks/ATS.framework/Versions/A/Resources/libFontRegistry.dylib
0x0000000001c69000 	/System/Library/PrivateFrameworks/AppleVPA.framework/Versions/A/AppleVPA
0x0000000001c69000 	/System/Library/PrivateFrameworks/AppleJPEG.framework/Versions/A/AppleJPEG
0x0000000001c69000 	/System/Library/Frameworks/ImageIO.framework/Versions/A/Resources/libJPEG.dylib
0x0000000001c69000 	/System/Library/Frameworks/ImageIO.framework/Versions/A/Resources/libTIFF.dylib
0x0000000001c69000 	/System/Library/Frameworks/ImageIO.framework/Versions/A/Resources/libPng.dylib
0x0000000001c69000 	/System/Library/Frameworks/ImageIO.framework/Versions/A/Resources/libGIF.dylib
0x0000000001c69000 	/System/Library/Frameworks/ImageIO.framework/Versions/A/Resources/libJP2.dylib
0x0000000001c69000 	/System/Library/Frameworks/ImageIO.framework/Versions/A/Resources/libRadiance.dylib
0x0000000001c69000 	/System/Library/Frameworks/CoreVideo.framework/Versions/A/CoreVideo
0x0000000001c69000 	/System/Library/Frameworks/OpenGL.framework/Versions/A/Libraries/libGLU.dylib
0x0000000001c69000 	/System/Library/Frameworks/OpenGL.framework/Versions/A/Libraries/libGFXShared.dylib
0x0000000001c69000 	/System/Library/Frameworks/OpenGL.framework/Versions/A/Libraries/libGL.dylib
0x0000000001c69000 	/System/Library/Frameworks/OpenGL.framework/Versions/A/Libraries/libGLImage.dylib
0x0000000001c69000 	/System/Library/Frameworks/OpenGL.framework/Versions/A/Libraries/libCVMSPluginSupport.dylib
0x0000000001c69000 	/System/Library/Frameworks/OpenGL.framework/Versions/A/Libraries/libCoreVMClient.dylib
0x0000000001c69000 	/usr/lib/libcups.2.dylib
0x0000000001c69000 	/System/Library/Frameworks/Kerberos.framework/Versions/A/Kerberos
0x0000000001c69000 	/System/Library/Frameworks/GSS.framework/Versions/A/GSS
0x0000000001c69000 	/usr/lib/libresolv.9.dylib
0x0000000001c69000 	/usr/lib/libiconv.2.dylib
0x0000000001c69000 	/System/Library/PrivateFrameworks/Heimdal.framework/Versions/A/Heimdal
0x0000000001c69000 	/usr/lib/libheimdal-asn1.dylib
0x0000000001c69000 	/System/Library/Frameworks/OpenDirectory.framework/Versions/A/OpenDirectory
0x0000000001c69000 	/System/Library/PrivateFrameworks/CommonAuth.framework/Versions/A/CommonAuth
0x0000000001c69000 	/System/Library/Frameworks/OpenDirectory.framework/Versions/A/Frameworks/CFOpenDirectory.framework/Versions/A/CFOpenDirectory
0x0000000001c69000 	/System/Library/Frameworks/SecurityFoundation.framework/Versions/A/SecurityFoundation
0x0000000001c69000 	/System/Library/PrivateFrameworks/LanguageModeling.framework/Versions/A/LanguageModeling
0x0000000001c69000 	/usr/lib/libmarisa.dylib
0x0000000001c69000 	/usr/lib/libChineseTokenizer.dylib
0x0000000001c69000 	/usr/lib/libcmph.dylib
0x0000000001c69000 	/usr/lib/libcompression.dylib
0x0000000001c69000 	/System/Library/Frameworks/ServiceManagement.framework/Versions/A/ServiceManagement
0x0000000001c69000 	/usr/lib/libxslt.1.dylib
0x0000000001c69000 	/System/Library/Frameworks/Carbon.framework/Versions/A/Frameworks/Ink.framework/Versions/A/Ink
0x0000000001c69000 	/usr/lib/libFosl_dynamic.dylib
0x0000000001c69000 	/System/Library/PrivateFrameworks/FaceCore.framework/Versions/A/FaceCore
0x0000000001c69000 	/System/Library/Frameworks/OpenCL.framework/Versions/A/OpenCL
0x0000000001c69000 	/System/Library/PrivateFrameworks/CrashReporterSupport.framework/Versions/A/CrashReporterSupport
0x0000000001c69000 	/System/Library/PrivateFrameworks/IconServices.framework/Versions/A/IconServices
0x0000000001c69000 	/System/Library/PrivateFrameworks/Apple80211.framework/Versions/A/Apple80211
0x0000000001c69000 	/System/Library/Frameworks/CoreWLAN.framework/Versions/A/CoreWLAN
0x0000000001c69000 	/System/Library/Frameworks/IOBluetooth.framework/Versions/A/IOBluetooth
0x0000000001c69000 	/System/Library/PrivateFrameworks/CoreWiFi.framework/Versions/A/CoreWiFi
0x0000000001c69000 	/System/Library/Frameworks/CoreBluetooth.framework/Versions/A/CoreBluetooth
0x0000000001c69000 	/System/Library/PrivateFrameworks/ChunkingLibrary.framework/Versions/A/ChunkingLibrary
0x0000000001c69000 	/System/Library/PrivateFrameworks/DebugSymbols.framework/Versions/A/DebugSymbols
0x0000000001c69000 	/System/Library/PrivateFrameworks/CoreSymbolication.framework/Versions/A/CoreSymbolication
0x0000000001c69000 	/System/Library/PrivateFrameworks/Symbolication.framework/Versions/A/Symbolication
0x0000000001c69000 	/System/Library/PrivateFrameworks/SpeechRecognitionCore.framework/Versions/A/SpeechRecognitionCore
0x0000000104a00000 	/Library/Java/JavaVirtualMachines/jdk1.8.0_60.jdk/Contents/Home/jre/lib/server/libjvm.dylib
0x0000000001c69000 	/usr/lib/libstdc++.6.dylib
0x00000001040fe000 	/Library/Java/JavaVirtualMachines/jdk1.8.0_60.jdk/Contents/Home/jre/lib/libverify.dylib
0x000000010410c000 	/Library/Java/JavaVirtualMachines/jdk1.8.0_60.jdk/Contents/Home/jre/lib/libjava.dylib
0x0000000104142000 	/Library/Java/JavaVirtualMachines/jdk1.8.0_60.jdk/Contents/Home/jre/lib/libjdwp.dylib
0x000000010418d000 	/Library/Java/JavaVirtualMachines/jdk1.8.0_60.jdk/Contents/Home/jre/lib/libnpt.dylib
0x0000000104199000 	/Library/Java/JavaVirtualMachines/jdk1.8.0_60.jdk/Contents/Home/jre/lib/libzip.dylib
0x00000001041e2000 	/System/Library/Frameworks/JavaVM.framework/Frameworks/JavaRuntimeSupport.framework/JavaRuntimeSupport
0x0000000118d46000 	/System/Library/Frameworks/JavaVM.framework/Versions/A/Frameworks/JavaNativeFoundation.framework/Versions/A/JavaNativeFoundation
0x0000000118d5b000 	/System/Library/Frameworks/JavaVM.framework/Versions/A/JavaVM
0x0000000001c69000 	/System/Library/Frameworks/Carbon.framework/Versions/A/Carbon
0x0000000118d68000 	/System/Library/PrivateFrameworks/JavaLaunching.framework/Versions/A/JavaLaunching
0x0000000001c69000 	/System/Library/Frameworks/Carbon.framework/Versions/A/Frameworks/CommonPanels.framework/Versions/A/CommonPanels
0x0000000001c69000 	/System/Library/Frameworks/Carbon.framework/Versions/A/Frameworks/Help.framework/Versions/A/Help
0x0000000001c69000 	/System/Library/Frameworks/Carbon.framework/Versions/A/Frameworks/ImageCapture.framework/Versions/A/ImageCapture
0x0000000001c69000 	/System/Library/Frameworks/Carbon.framework/Versions/A/Frameworks/OpenScripting.framework/Versions/A/OpenScripting
0x0000000001c69000 	/System/Library/Frameworks/Carbon.framework/Versions/A/Frameworks/Print.framework/Versions/A/Print
0x0000000001c69000 	/System/Library/Frameworks/Carbon.framework/Versions/A/Frameworks/SecurityHI.framework/Versions/A/SecurityHI
0x000000011a687000 	/Library/Java/JavaVirtualMachines/jdk1.8.0_60.jdk/Contents/Home/jre/lib/libdt_socket.dylib
0x000000011a699000 	/Library/Java/JavaVirtualMachines/jdk1.8.0_60.jdk/Contents/Home/jre/lib/libnet.dylib
0x000000011a6e0000 	/Library/Java/JavaVirtualMachines/jdk1.8.0_60.jdk/Contents/Home/jre/lib/libnio.dylib
0x000000011ac97000 	/Developer/Tools/Eclipse-Modeling.app/Contents/Eclipse/plugins/org.eclipse.equinox.launcher.cocoa.macosx.x86_64_1.1.300.v20150602-1417/eclipse_1611.so
0x0000000001c69000 	/System/Library/PrivateFrameworks/CoreServicesInternal.framework/Versions/A/CoreServicesInternal
0x0000000001c69000 	/System/Library/PrivateFrameworks/FamilyControls.framework/Versions/A/FamilyControls
0x0000000001c69000 	/System/Library/PrivateFrameworks/CommerceKit.framework/Versions/A/Frameworks/CommerceCore.framework/Versions/A/CommerceCore
0x0000000001c69000 	/System/Library/PrivateFrameworks/SystemAdministration.framework/Versions/A/SystemAdministration
0x0000000001c69000 	/System/Library/PrivateFrameworks/AppContainer.framework/Versions/A/AppContainer
0x0000000001c69000 	/System/Library/PrivateFrameworks/SecCodeWrapper.framework/Versions/A/SecCodeWrapper
0x0000000001c69000 	/System/Library/Frameworks/DirectoryService.framework/Versions/A/DirectoryService
0x0000000001c69000 	/System/Library/PrivateFrameworks/DiskImages.framework/Versions/A/DiskImages
0x0000000001c69000 	/System/Library/PrivateFrameworks/LoginUIKit.framework/Versions/A/Frameworks/LoginUICore.framework/Versions/A/LoginUICore
0x0000000001c69000 	/usr/lib/libCoreStorage.dylib
0x0000000001c69000 	/usr/lib/libcsfde.dylib
0x0000000001c69000 	/usr/lib/libodfde.dylib
0x0000000001c69000 	/System/Library/Frameworks/DiscRecording.framework/Versions/A/DiscRecording
0x0000000001c69000 	/usr/lib/libcurl.4.dylib
0x0000000001c69000 	/System/Library/PrivateFrameworks/MediaKit.framework/Versions/A/MediaKit
0x0000000001c69000 	/System/Library/PrivateFrameworks/ProtectedCloudStorage.framework/Versions/A/ProtectedCloudStorage
0x0000000001c69000 	/System/Library/PrivateFrameworks/EFILogin.framework/Versions/A/EFILogin
0x0000000001c69000 	/usr/lib/libutil.dylib
0x0000000001c69000 	/System/Library/PrivateFrameworks/FindMyDevice.framework/Versions/A/FindMyDevice
0x0000000001c69000 	/System/Library/Frameworks/LDAP.framework/Versions/A/LDAP
0x0000000001c69000 	/usr/lib/libsasl2.2.dylib
0x0000000001c69000 	/System/Library/PrivateFrameworks/CoreDaemon.framework/Versions/B/CoreDaemon
0x0000000001c69000 	/usr/lib/libcrypto.0.9.8.dylib
0x0000000001c69000 	/System/Library/PrivateFrameworks/AppleSRP.framework/Versions/A/AppleSRP
0x0000000001c69000 	/System/Library/PrivateFrameworks/TrustEvaluationAgent.framework/Versions/A/TrustEvaluationAgent

VM Arguments:
jvm_args: -agentlib:jdwp=transport=dt_socket,suspend=y,address=localhost:65136 -Dosgi.requiredJavaVersion=1.7 -Dorg.eclipse.swt.internal.carbon.smallFonts -XX:MaxPermSize=256m -Xms256m -Xmx1024m -Dorg.eclipse.swt.internal.carbon.smallFonts -Dfile.encoding=UTF-8 -Xbootclasspath/p:/Developer/Tools/Eclipse-Modeling.app/Contents/Eclipse/plugins/org.eclipse.jdt.debug_3.9.0.v20150528-1838/jdi.jar 
java_command: org.eclipse.equinox.launcher.Main -os macosx -ws cocoa -arch x86_64 -nl en_US -consoleLog -version 3 -port 65135 -testLoaderClass org.eclipse.jdt.internal.junit4.runner.JUnit4TestLoader -loaderpluginname org.eclipse.jdt.junit4.runtime -test hu.bme.mit.kv.pathfinder.tests.Tests:pathModelTransformTest -application org.eclipse.pde.junit.runtime.coretestapplication -data /Developer/Workspaces/KV/../junit-workspace -configuration file:/Developer/Workspaces/KV/.metadata/.plugins/org.eclipse.pde.core/pde-junit/ -dev file:/Developer/Workspaces/KV/.metadata/.plugins/org.eclipse.pde.core/pde-junit/dev.properties -os macosx -ws cocoa -arch x86_64 -nl en_US -consoleLog -testpluginname hu.bme.mit.kv.pathfinder
java_class_path (initial): /Developer/Tools/Eclipse-Modeling.app/Contents/Eclipse/plugins/org.eclipse.equinox.launcher_1.3.100.v20150511-1540.jar
Launcher Type: SUN_STANDARD

Environment Variables:
PATH=/usr/bin:/bin:/usr/sbin:/sbin
SHELL=/opt/local/bin/zsh
DISPLAY=/private/tmp/com.apple.launchd.Pr6hFAocyG/org.macosforge.xquartz:0

Signal Handlers:
SIGSEGV: [libjvm.dylib+0x5a6d31], sa_mask[0]=11111111011111110111111111111111, sa_flags=SA_ONSTACK|SA_RESTART|SA_SIGINFO
SIGBUS: [libjvm.dylib+0x5a6d31], sa_mask[0]=11111111011111110111111111111111, sa_flags=SA_RESTART|SA_SIGINFO
SIGFPE: [libjvm.dylib+0x480a4c], sa_mask[0]=11111111011111110111111111111111, sa_flags=SA_RESTART|SA_SIGINFO
SIGPIPE: [libjvm.dylib+0x480a4c], sa_mask[0]=11111111011111110111111111111111, sa_flags=SA_RESTART|SA_SIGINFO
SIGXFSZ: [libjvm.dylib+0x480a4c], sa_mask[0]=11111111011111110111111111111111, sa_flags=SA_RESTART|SA_SIGINFO
SIGILL: [libjvm.dylib+0x480a4c], sa_mask[0]=11111111011111110111111111111111, sa_flags=SA_RESTART|SA_SIGINFO
SIGUSR1: SIG_DFL, sa_mask[0]=00000000000000000000000000000000, sa_flags=none
SIGUSR2: [libjvm.dylib+0x48056a], sa_mask[0]=00100000000000000000000000000000, sa_flags=SA_RESTART|SA_SIGINFO
SIGHUP: [libjvm.dylib+0x47eb41], sa_mask[0]=11111111011111110111111111111111, sa_flags=SA_RESTART|SA_SIGINFO
SIGINT: [libjvm.dylib+0x47eb41], sa_mask[0]=11111111011111110111111111111111, sa_flags=SA_RESTART|SA_SIGINFO
SIGTERM: [libjvm.dylib+0x47eb41], sa_mask[0]=11111111011111110111111111111111, sa_flags=SA_RESTART|SA_SIGINFO
SIGQUIT: [libjvm.dylib+0x47eb41], sa_mask[0]=11111111011111110111111111111111, sa_flags=SA_RESTART|SA_SIGINFO


---------------  S Y S T E M  ---------------

OS:Bsduname:Darwin 15.0.0 Darwin Kernel Version 15.0.0: Sat Sep 19 15:53:46 PDT 2015; root:xnu-3247.10.11~1/RELEASE_X86_64 x86_64
rlimit: STACK 8192k, CORE 0k, NPROC 709, NOFILE 10240, AS infinity
load average:2.81 2.20 2.08

CPU:total 4 (2 cores per cpu, 2 threads per core) family 6 model 37 stepping 5, cmov, cx8, fxsr, mmx, sse, sse2, sse3, ssse3, sse4.1, sse4.2, popcnt, aes, clmul, ht, tsc, tscinvbit

Memory: 4k page, physical 4194304k(15596k free)

/proc/meminfo:


vm_info: Java HotSpot(TM) 64-Bit Server VM (25.60-b23) for bsd-amd64 JRE (1.8.0_60-b27), built on Aug  4 2015 10:47:24 by "java_re" with gcc 4.2.1 (Based on Apple Inc. build 5658) (LLVM build 2336.11.00)

time: Wed Dec  2 11:25:45 2015
elapsed time: 111 seconds (0d 0h 1m 51s)

